[0.012s] Invoking command in '/home/luxfero/uros_ws/build/micro_ros_msgs': /usr/bin/cmake /home/luxfero/uros_ws/src/uros/micro_ros_msgs -DCMAKE_INSTALL_PREFIX=/home/luxfero/uros_ws/install/micro_ros_msgs
[0.038s] -- Found ament_cmake: 1.3.13 (/opt/ros/humble/share/ament_cmake/cmake)
[0.162s] Traceback (most recent call last):
[0.162s]   File "/opt/ros/humble/share/ament_cmake_core/cmake/package_templates/templates_2_cmake.py", line 21, in <module>
[0.162s]     from ament_package.templates import get_environment_hook_template_path
[0.162s] ModuleNotFoundError: No module named 'ament_package'
[0.170s] [31mCMake Error at /opt/ros/humble/share/ament_cmake_core/cmake/ament_cmake_package_templates-extras.cmake:41 (message):
[0.170s]   execute_process(/usr/bin/python3
[0.170s]   /opt/ros/humble/share/ament_cmake_core/cmake/package_templates/templates_2_cmake.py
[0.170s]   /home/luxfero/uros_ws/build/micro_ros_msgs/ament_cmake_package_templates/templates.cmake)
[0.170s]   returned error code 1
[0.170s] Call Stack (most recent call first):
[0.170s]   /opt/ros/humble/share/ament_cmake_core/cmake/ament_cmake_coreConfig.cmake:41 (include)
[0.170s]   /opt/ros/humble/share/ament_cmake/cmake/ament_cmake_export_dependencies-extras.cmake:15 (find_package)
[0.170s]   /opt/ros/humble/share/ament_cmake/cmake/ament_cmakeConfig.cmake:41 (include)
[0.171s]   CMakeLists.txt:19 (find_package)
[0.171s] 
[0.171s] [0m
[0.171s] -- Configuring incomplete, errors occurred!
[0.171s] See also "/home/luxfero/uros_ws/build/micro_ros_msgs/CMakeFiles/CMakeOutput.log".
[0.172s] Invoked command in '/home/luxfero/uros_ws/build/micro_ros_msgs' returned '1': /usr/bin/cmake /home/luxfero/uros_ws/src/uros/micro_ros_msgs -DCMAKE_INSTALL_PREFIX=/home/luxfero/uros_ws/install/micro_ros_msgs
