running egg_info
writing ../../build/motor_control_pkg/motor_control_pkg.egg-info/PKG-INFO
writing dependency_links to ../../build/motor_control_pkg/motor_control_pkg.egg-info/dependency_links.txt
writing entry points to ../../build/motor_control_pkg/motor_control_pkg.egg-info/entry_points.txt
writing requirements to ../../build/motor_control_pkg/motor_control_pkg.egg-info/requires.txt
writing top-level names to ../../build/motor_control_pkg/motor_control_pkg.egg-info/top_level.txt
reading manifest file '../../build/motor_control_pkg/motor_control_pkg.egg-info/SOURCES.txt'
writing manifest file '../../build/motor_control_pkg/motor_control_pkg.egg-info/SOURCES.txt'
running build
running build_py
running install
running install_lib
running install_data
copying config/input_params.yaml -> /home/luxfero/uros_ws/install/motor_control_pkg/share/motor_control_pkg/config
running install_egg_info
removing '/home/luxfero/uros_ws/install/motor_control_pkg/lib/python3.10/site-packages/motor_control_pkg-0.0.0-py3.10.egg-info' (and everything under it)
Copying ../../build/motor_control_pkg/motor_control_pkg.egg-info to /home/luxfero/uros_ws/install/motor_control_pkg/lib/python3.10/site-packages/motor_control_pkg-0.0.0-py3.10.egg-info
running install_scripts
Installing input_node script to /home/luxfero/uros_ws/install/motor_control_pkg/lib/motor_control_pkg
writing list of installed files to '/home/luxfero/uros_ws/build/motor_control_pkg/install.log'
