[0.935s] Invoking command in '/workspace/TE3001B_TEAM_3/src/xarm_perturbationsV2/build/xarm_perturbations': PYTHONPATH=/workspace/TE3001B_TEAM_3/src/xarm_perturbationsV2/build/xarm_perturbations/prefix_override:/usr/lib/python3/dist-packages/colcon_core/task/python/colcon_distutils_commands:/workspace/TE3001B_TEAM_3/src/xarm_perturbationsV2/install/xarm_perturbations/lib/python3.10/site-packages:${PYTHONPATH} /usr/bin/python3 -W ignore:setup.py install is deprecated -W ignore:easy_install command is deprecated setup.py develop --editable --build-directory /workspace/TE3001B_TEAM_3/src/xarm_perturbationsV2/build/xarm_perturbations/build --no-deps symlink_data
[1.322s] running develop
[1.567s] running egg_info
[1.567s] creating xarm_perturbations.egg-info
[1.568s] writing xarm_perturbations.egg-info/PKG-INFO
[1.568s] writing dependency_links to xarm_perturbations.egg-info/dependency_links.txt
[1.568s] writing entry points to xarm_perturbations.egg-info/entry_points.txt
[1.568s] writing requirements to xarm_perturbations.egg-info/requires.txt
[1.569s] writing top-level names to xarm_perturbations.egg-info/top_level.txt
[1.569s] writing manifest file 'xarm_perturbations.egg-info/SOURCES.txt'
[1.572s] reading manifest file 'xarm_perturbations.egg-info/SOURCES.txt'
[1.573s] writing manifest file 'xarm_perturbations.egg-info/SOURCES.txt'
[1.575s] running build_ext
[1.575s] Creating /workspace/TE3001B_TEAM_3/src/xarm_perturbationsV2/install/xarm_perturbations/lib/python3.10/site-packages/xarm-perturbations.egg-link (link to .)
[1.576s] Installing ik_reference_generator script to /workspace/TE3001B_TEAM_3/src/xarm_perturbationsV2/install/xarm_perturbations/lib/xarm_perturbations
[1.577s] Installing joint_space_controller script to /workspace/TE3001B_TEAM_3/src/xarm_perturbationsV2/install/xarm_perturbations/lib/xarm_perturbations
[1.577s] Installing perturbation_injector script to /workspace/TE3001B_TEAM_3/src/xarm_perturbationsV2/install/xarm_perturbations/lib/xarm_perturbations
[1.577s] Installing trial_logger script to /workspace/TE3001B_TEAM_3/src/xarm_perturbationsV2/install/xarm_perturbations/lib/xarm_perturbations
[1.577s] 
[1.577s] Installed /workspace/TE3001B_TEAM_3/src/xarm_perturbationsV2/build/xarm_perturbations
[1.578s] running symlink_data
[1.578s] creating /workspace/TE3001B_TEAM_3/src/xarm_perturbationsV2/install/xarm_perturbations/share/ament_index
[1.578s] creating /workspace/TE3001B_TEAM_3/src/xarm_perturbationsV2/install/xarm_perturbations/share/ament_index/resource_index
[1.578s] creating /workspace/TE3001B_TEAM_3/src/xarm_perturbationsV2/install/xarm_perturbations/share/ament_index/resource_index/packages
[1.578s] symbolically linking /workspace/TE3001B_TEAM_3/src/xarm_perturbationsV2/build/xarm_perturbations/resource/xarm_perturbations -> /workspace/TE3001B_TEAM_3/src/xarm_perturbationsV2/install/xarm_perturbations/share/ament_index/resource_index/packages
[1.578s] symbolically linking /workspace/TE3001B_TEAM_3/src/xarm_perturbationsV2/build/xarm_perturbations/package.xml -> /workspace/TE3001B_TEAM_3/src/xarm_perturbationsV2/install/xarm_perturbations/share/xarm_perturbations
[1.614s] Invoked command in '/workspace/TE3001B_TEAM_3/src/xarm_perturbationsV2/build/xarm_perturbations' returned '0': PYTHONPATH=/workspace/TE3001B_TEAM_3/src/xarm_perturbationsV2/build/xarm_perturbations/prefix_override:/usr/lib/python3/dist-packages/colcon_core/task/python/colcon_distutils_commands:/workspace/TE3001B_TEAM_3/src/xarm_perturbationsV2/install/xarm_perturbations/lib/python3.10/site-packages:${PYTHONPATH} /usr/bin/python3 -W ignore:setup.py install is deprecated -W ignore:easy_install command is deprecated setup.py develop --editable --build-directory /workspace/TE3001B_TEAM_3/src/xarm_perturbationsV2/build/xarm_perturbations/build --no-deps symlink_data
