[0.398s] DEBUG:colcon:Command line arguments: ['/usr/bin/colcon', 'build']
[0.398s] DEBUG:colcon:Parsed command line arguments: Namespace(log_base=None, log_level=None, verb_name='build', build_base='build', install_base='install', merge_install=False, symlink_install=False, test_result_base=None, continue_on_error=False, executor='parallel', parallel_workers=4, event_handlers=None, ignore_user_meta=False, metas=['./colcon.meta'], base_paths=['.'], packages_ignore=None, packages_ignore_regex=None, paths=None, packages_up_to=None, packages_up_to_regex=None, packages_above=None, packages_above_and_dependencies=None, packages_above_depth=None, packages_select_by_dep=None, packages_skip_by_dep=None, packages_skip_up_to=None, packages_select_build_failed=False, packages_skip_build_finished=False, packages_select_test_failures=False, packages_skip_test_passed=False, packages_select=None, packages_skip=None, packages_select_regex=None, packages_skip_regex=None, packages_start=None, packages_end=None, allow_overriding=[], cmake_args=None, cmake_target=None, cmake_target_skip_unavailable=False, cmake_clean_cache=False, cmake_clean_first=False, cmake_force_configure=False, ament_cmake_args=None, catkin_cmake_args=None, catkin_skip_building_tests=False, mixin_files=None, mixin=None, verb_parser=<colcon_mixin.mixin.mixin_argument.MixinArgumentDecorator object at 0x7fd8e8318fd0>, verb_extension=<colcon_core.verb.build.BuildVerb object at 0x7fd8e8318ac0>, main=<bound method BuildVerb.main of <colcon_core.verb.build.BuildVerb object at 0x7fd8e8318ac0>>, mixin_verb=('build',))
[0.679s] Level 1:colcon.colcon_core.package_discovery:discover_packages(colcon_meta) check parameters
[0.679s] Level 1:colcon.colcon_core.package_discovery:discover_packages(recursive) check parameters
[0.679s] Level 1:colcon.colcon_core.package_discovery:discover_packages(ignore) check parameters
[0.679s] Level 1:colcon.colcon_core.package_discovery:discover_packages(path) check parameters
[0.679s] Level 1:colcon.colcon_core.package_discovery:discover_packages(colcon_meta) discover
[0.679s] Level 1:colcon.colcon_core.package_discovery:discover_packages(recursive) discover
[0.679s] INFO:colcon.colcon_core.package_discovery:Crawling recursively for packages in '/workspace/TE3001B_TEAM_3/src/uros_ws'
[0.679s] Level 1:colcon.colcon_core.package_identification:_identify(.) by extensions ['ignore', 'ignore_ament_install']
[0.679s] Level 1:colcon.colcon_core.package_identification:_identify(.) by extension 'ignore'
[0.680s] Level 1:colcon.colcon_core.package_identification:_identify(.) by extension 'ignore_ament_install'
[0.680s] Level 1:colcon.colcon_core.package_identification:_identify(.) by extensions ['colcon_pkg']
[0.680s] Level 1:colcon.colcon_core.package_identification:_identify(.) by extension 'colcon_pkg'
[0.680s] Level 1:colcon.colcon_core.package_identification:_identify(.) by extensions ['colcon_meta']
[0.680s] Level 1:colcon.colcon_core.package_identification:_identify(.) by extension 'colcon_meta'
[0.680s] Level 1:colcon.colcon_core.package_identification:_identify(.) by extensions ['ros']
[0.680s] Level 1:colcon.colcon_core.package_identification:_identify(.) by extension 'ros'
[0.692s] Level 1:colcon.colcon_core.package_identification:_identify(.) by extensions ['cmake', 'python']
[0.692s] Level 1:colcon.colcon_core.package_identification:_identify(.) by extension 'cmake'
[0.693s] Level 1:colcon.colcon_core.package_identification:_identify(.) by extension 'python'
[0.693s] Level 1:colcon.colcon_core.package_identification:_identify(.) by extensions ['python_setup_py']
[0.693s] Level 1:colcon.colcon_core.package_identification:_identify(.) by extension 'python_setup_py'
[0.693s] Level 1:colcon.colcon_core.package_identification:_identify(build) by extensions ['ignore', 'ignore_ament_install']
[0.693s] Level 1:colcon.colcon_core.package_identification:_identify(build) by extension 'ignore'
[0.693s] Level 1:colcon.colcon_core.package_identification:_identify(build) ignored
[0.693s] Level 1:colcon.colcon_core.package_identification:_identify(install) by extensions ['ignore', 'ignore_ament_install']
[0.693s] Level 1:colcon.colcon_core.package_identification:_identify(install) by extension 'ignore'
[0.693s] Level 1:colcon.colcon_core.package_identification:_identify(install) ignored
[0.693s] Level 1:colcon.colcon_core.package_identification:_identify(log) by extensions ['ignore', 'ignore_ament_install']
[0.693s] Level 1:colcon.colcon_core.package_identification:_identify(log) by extension 'ignore'
[0.693s] Level 1:colcon.colcon_core.package_identification:_identify(log) ignored
[0.693s] Level 1:colcon.colcon_core.package_identification:_identify(src) by extensions ['ignore', 'ignore_ament_install']
[0.694s] Level 1:colcon.colcon_core.package_identification:_identify(src) by extension 'ignore'
[0.694s] Level 1:colcon.colcon_core.package_identification:_identify(src) by extension 'ignore_ament_install'
[0.694s] Level 1:colcon.colcon_core.package_identification:_identify(src) by extensions ['colcon_pkg']
[0.694s] Level 1:colcon.colcon_core.package_identification:_identify(src) by extension 'colcon_pkg'
[0.694s] Level 1:colcon.colcon_core.package_identification:_identify(src) by extensions ['colcon_meta']
[0.694s] Level 1:colcon.colcon_core.package_identification:_identify(src) by extension 'colcon_meta'
[0.694s] Level 1:colcon.colcon_core.package_identification:_identify(src) by extensions ['ros']
[0.694s] Level 1:colcon.colcon_core.package_identification:_identify(src) by extension 'ros'
[0.694s] Level 1:colcon.colcon_core.package_identification:_identify(src) by extensions ['cmake', 'python']
[0.694s] Level 1:colcon.colcon_core.package_identification:_identify(src) by extension 'cmake'
[0.694s] Level 1:colcon.colcon_core.package_identification:_identify(src) by extension 'python'
[0.694s] Level 1:colcon.colcon_core.package_identification:_identify(src) by extensions ['python_setup_py']
[0.694s] Level 1:colcon.colcon_core.package_identification:_identify(src) by extension 'python_setup_py'
[0.694s] Level 1:colcon.colcon_core.package_identification:_identify(src/micro_ros_setup) by extensions ['ignore', 'ignore_ament_install']
[0.694s] Level 1:colcon.colcon_core.package_identification:_identify(src/micro_ros_setup) by extension 'ignore'
[0.694s] Level 1:colcon.colcon_core.package_identification:_identify(src/micro_ros_setup) by extension 'ignore_ament_install'
[0.694s] Level 1:colcon.colcon_core.package_identification:_identify(src/micro_ros_setup) by extensions ['colcon_pkg']
[0.695s] Level 1:colcon.colcon_core.package_identification:_identify(src/micro_ros_setup) by extension 'colcon_pkg'
[0.695s] Level 1:colcon.colcon_core.package_identification:_identify(src/micro_ros_setup) by extensions ['colcon_meta']
[0.695s] Level 1:colcon.colcon_core.package_identification:_identify(src/micro_ros_setup) by extension 'colcon_meta'
[0.695s] Level 1:colcon.colcon_core.package_identification:_identify(src/micro_ros_setup) by extensions ['ros']
[0.695s] Level 1:colcon.colcon_core.package_identification:_identify(src/micro_ros_setup) by extension 'ros'
[0.699s] DEBUG:colcon.colcon_core.package_identification:Package 'src/micro_ros_setup' with type 'ros.ament_cmake' and name 'micro_ros_setup'
[0.699s] Level 1:colcon.colcon_core.package_discovery:discover_packages(recursive) using defaults
[0.700s] Level 1:colcon.colcon_core.package_discovery:discover_packages(ignore) discover
[0.700s] Level 1:colcon.colcon_core.package_discovery:discover_packages(ignore) using defaults
[0.700s] Level 1:colcon.colcon_core.package_discovery:discover_packages(path) discover
[0.700s] Level 1:colcon.colcon_core.package_discovery:discover_packages(path) using defaults
[0.759s] Level 1:colcon.colcon_core.package_discovery:discover_packages(prefix_path) check parameters
[0.759s] Level 1:colcon.colcon_core.package_discovery:discover_packages(prefix_path) discover
[0.768s] DEBUG:colcon.colcon_installed_package_information.package_discovery:Found 343 installed packages in /opt/ros/humble
[0.770s] Level 1:colcon.colcon_core.package_discovery:discover_packages(prefix_path) using defaults
[0.833s] Level 5:colcon.colcon_core.verb:set package 'micro_ros_setup' build argument 'cmake_args' from command line to 'None'
[0.833s] Level 5:colcon.colcon_core.verb:set package 'micro_ros_setup' build argument 'cmake_target' from command line to 'None'
[0.833s] Level 5:colcon.colcon_core.verb:set package 'micro_ros_setup' build argument 'cmake_target_skip_unavailable' from command line to 'False'
[0.833s] Level 5:colcon.colcon_core.verb:set package 'micro_ros_setup' build argument 'cmake_clean_cache' from command line to 'False'
[0.833s] Level 5:colcon.colcon_core.verb:set package 'micro_ros_setup' build argument 'cmake_clean_first' from command line to 'False'
[0.833s] Level 5:colcon.colcon_core.verb:set package 'micro_ros_setup' build argument 'cmake_force_configure' from command line to 'False'
[0.833s] Level 5:colcon.colcon_core.verb:set package 'micro_ros_setup' build argument 'ament_cmake_args' from command line to 'None'
[0.833s] Level 5:colcon.colcon_core.verb:set package 'micro_ros_setup' build argument 'catkin_cmake_args' from command line to 'None'
[0.833s] Level 5:colcon.colcon_core.verb:set package 'micro_ros_setup' build argument 'catkin_skip_building_tests' from command line to 'False'
[0.833s] DEBUG:colcon.colcon_core.verb:Building package 'micro_ros_setup' with the following arguments: {'ament_cmake_args': None, 'build_base': '/workspace/TE3001B_TEAM_3/src/uros_ws/build/micro_ros_setup', 'catkin_cmake_args': None, 'catkin_skip_building_tests': False, 'cmake_args': None, 'cmake_clean_cache': False, 'cmake_clean_first': False, 'cmake_force_configure': False, 'cmake_target': None, 'cmake_target_skip_unavailable': False, 'install_base': '/workspace/TE3001B_TEAM_3/src/uros_ws/install/micro_ros_setup', 'merge_install': False, 'path': '/workspace/TE3001B_TEAM_3/src/uros_ws/src/micro_ros_setup', 'symlink_install': False, 'test_result_base': None}
[0.833s] INFO:colcon.colcon_core.executor:Executing jobs using 'parallel' executor
[0.835s] DEBUG:colcon.colcon_parallel_executor.executor.parallel:run_until_complete
[0.835s] INFO:colcon.colcon_ros.task.ament_cmake.build:Building ROS package in '/workspace/TE3001B_TEAM_3/src/uros_ws/src/micro_ros_setup' with build type 'ament_cmake'
[0.835s] INFO:colcon.colcon_cmake.task.cmake.build:Building CMake package in '/workspace/TE3001B_TEAM_3/src/uros_ws/src/micro_ros_setup'
[0.845s] INFO:colcon.colcon_core.plugin_system:Skipping extension 'colcon_core.shell.bat': Not used on non-Windows systems
[0.845s] INFO:colcon.colcon_core.shell:Skip shell extension 'powershell' for command environment: Not usable outside of PowerShell
[0.845s] DEBUG:colcon.colcon_core.shell:Skip shell extension 'dsv' for command environment
[0.855s] DEBUG:colcon.colcon_core.event_handler.log_command:Invoking command in '/workspace/TE3001B_TEAM_3/src/uros_ws/build/micro_ros_setup': CMAKE_PREFIX_PATH=/opt/ros/humble /usr/bin/cmake /workspace/TE3001B_TEAM_3/src/uros_ws/src/micro_ros_setup -DCMAKE_INSTALL_PREFIX=/workspace/TE3001B_TEAM_3/src/uros_ws/install/micro_ros_setup
[2.252s] DEBUG:colcon.colcon_core.event_handler.log_command:Invoked command in '/workspace/TE3001B_TEAM_3/src/uros_ws/build/micro_ros_setup' returned '0': CMAKE_PREFIX_PATH=/opt/ros/humble /usr/bin/cmake /workspace/TE3001B_TEAM_3/src/uros_ws/src/micro_ros_setup -DCMAKE_INSTALL_PREFIX=/workspace/TE3001B_TEAM_3/src/uros_ws/install/micro_ros_setup
[2.256s] DEBUG:colcon.colcon_core.event_handler.log_command:Invoking command in '/workspace/TE3001B_TEAM_3/src/uros_ws/build/micro_ros_setup': CMAKE_PREFIX_PATH=/opt/ros/humble /usr/bin/cmake --build /workspace/TE3001B_TEAM_3/src/uros_ws/build/micro_ros_setup -- -j4 -l4
[2.303s] DEBUG:colcon.colcon_core.event_handler.log_command:Invoked command in '/workspace/TE3001B_TEAM_3/src/uros_ws/build/micro_ros_setup' returned '0': CMAKE_PREFIX_PATH=/opt/ros/humble /usr/bin/cmake --build /workspace/TE3001B_TEAM_3/src/uros_ws/build/micro_ros_setup -- -j4 -l4
[2.317s] DEBUG:colcon.colcon_core.event_handler.log_command:Invoking command in '/workspace/TE3001B_TEAM_3/src/uros_ws/build/micro_ros_setup': CMAKE_PREFIX_PATH=/opt/ros/humble /usr/bin/cmake --install /workspace/TE3001B_TEAM_3/src/uros_ws/build/micro_ros_setup
[2.363s] Level 1:colcon.colcon_core.environment:create_environment_scripts_only(micro_ros_setup)
[2.365s] DEBUG:colcon.colcon_core.event_handler.log_command:Invoked command in '/workspace/TE3001B_TEAM_3/src/uros_ws/build/micro_ros_setup' returned '0': CMAKE_PREFIX_PATH=/opt/ros/humble /usr/bin/cmake --install /workspace/TE3001B_TEAM_3/src/uros_ws/build/micro_ros_setup
[2.377s] Level 1:colcon.colcon_core.environment:checking '/workspace/TE3001B_TEAM_3/src/uros_ws/install/micro_ros_setup' for CMake module files
[2.377s] Level 1:colcon.colcon_core.environment:checking '/workspace/TE3001B_TEAM_3/src/uros_ws/install/micro_ros_setup' for CMake config files
[2.378s] Level 1:colcon.colcon_core.shell:create_environment_hook('micro_ros_setup', 'cmake_prefix_path')
[2.379s] INFO:colcon.colcon_core.shell:Creating environment hook '/workspace/TE3001B_TEAM_3/src/uros_ws/install/micro_ros_setup/share/micro_ros_setup/hook/cmake_prefix_path.ps1'
[2.381s] INFO:colcon.colcon_core.shell:Creating environment descriptor '/workspace/TE3001B_TEAM_3/src/uros_ws/install/micro_ros_setup/share/micro_ros_setup/hook/cmake_prefix_path.dsv'
[2.382s] INFO:colcon.colcon_core.shell:Creating environment hook '/workspace/TE3001B_TEAM_3/src/uros_ws/install/micro_ros_setup/share/micro_ros_setup/hook/cmake_prefix_path.sh'
[2.383s] Level 1:colcon.colcon_core.environment:checking '/workspace/TE3001B_TEAM_3/src/uros_ws/install/micro_ros_setup/lib'
[2.383s] Level 1:colcon.colcon_core.environment:checking '/workspace/TE3001B_TEAM_3/src/uros_ws/install/micro_ros_setup/bin'
[2.384s] Level 1:colcon.colcon_core.environment:checking '/workspace/TE3001B_TEAM_3/src/uros_ws/install/micro_ros_setup/lib/pkgconfig/micro_ros_setup.pc'
[2.384s] Level 1:colcon.colcon_core.environment:checking '/workspace/TE3001B_TEAM_3/src/uros_ws/install/micro_ros_setup/lib/python3.10/site-packages'
[2.384s] Level 1:colcon.colcon_core.environment:checking '/workspace/TE3001B_TEAM_3/src/uros_ws/install/micro_ros_setup/bin'
[2.385s] INFO:colcon.colcon_core.shell:Creating package script '/workspace/TE3001B_TEAM_3/src/uros_ws/install/micro_ros_setup/share/micro_ros_setup/package.ps1'
[2.386s] INFO:colcon.colcon_core.shell:Creating package descriptor '/workspace/TE3001B_TEAM_3/src/uros_ws/install/micro_ros_setup/share/micro_ros_setup/package.dsv'
[2.387s] INFO:colcon.colcon_core.shell:Creating package script '/workspace/TE3001B_TEAM_3/src/uros_ws/install/micro_ros_setup/share/micro_ros_setup/package.sh'
[2.388s] INFO:colcon.colcon_core.shell:Creating package script '/workspace/TE3001B_TEAM_3/src/uros_ws/install/micro_ros_setup/share/micro_ros_setup/package.bash'
[2.389s] INFO:colcon.colcon_core.shell:Creating package script '/workspace/TE3001B_TEAM_3/src/uros_ws/install/micro_ros_setup/share/micro_ros_setup/package.zsh'
[2.391s] Level 1:colcon.colcon_core.environment:create_file_with_runtime_dependencies(/workspace/TE3001B_TEAM_3/src/uros_ws/install/micro_ros_setup/share/colcon-core/packages/micro_ros_setup)
[2.392s] Level 1:colcon.colcon_core.environment:create_environment_scripts_only(micro_ros_setup)
[2.392s] Level 1:colcon.colcon_core.environment:checking '/workspace/TE3001B_TEAM_3/src/uros_ws/install/micro_ros_setup' for CMake module files
[2.392s] Level 1:colcon.colcon_core.environment:checking '/workspace/TE3001B_TEAM_3/src/uros_ws/install/micro_ros_setup' for CMake config files
[2.393s] Level 1:colcon.colcon_core.shell:create_environment_hook('micro_ros_setup', 'cmake_prefix_path')
[2.393s] INFO:colcon.colcon_core.shell:Creating environment hook '/workspace/TE3001B_TEAM_3/src/uros_ws/install/micro_ros_setup/share/micro_ros_setup/hook/cmake_prefix_path.ps1'
[2.394s] INFO:colcon.colcon_core.shell:Creating environment descriptor '/workspace/TE3001B_TEAM_3/src/uros_ws/install/micro_ros_setup/share/micro_ros_setup/hook/cmake_prefix_path.dsv'
[2.394s] INFO:colcon.colcon_core.shell:Creating environment hook '/workspace/TE3001B_TEAM_3/src/uros_ws/install/micro_ros_setup/share/micro_ros_setup/hook/cmake_prefix_path.sh'
[2.395s] Level 1:colcon.colcon_core.environment:checking '/workspace/TE3001B_TEAM_3/src/uros_ws/install/micro_ros_setup/lib'
[2.395s] Level 1:colcon.colcon_core.environment:checking '/workspace/TE3001B_TEAM_3/src/uros_ws/install/micro_ros_setup/bin'
[2.395s] Level 1:colcon.colcon_core.environment:checking '/workspace/TE3001B_TEAM_3/src/uros_ws/install/micro_ros_setup/lib/pkgconfig/micro_ros_setup.pc'
[2.395s] Level 1:colcon.colcon_core.environment:checking '/workspace/TE3001B_TEAM_3/src/uros_ws/install/micro_ros_setup/lib/python3.10/site-packages'
[2.396s] Level 1:colcon.colcon_core.environment:checking '/workspace/TE3001B_TEAM_3/src/uros_ws/install/micro_ros_setup/bin'
[2.396s] INFO:colcon.colcon_core.shell:Creating package script '/workspace/TE3001B_TEAM_3/src/uros_ws/install/micro_ros_setup/share/micro_ros_setup/package.ps1'
[2.397s] INFO:colcon.colcon_core.shell:Creating package descriptor '/workspace/TE3001B_TEAM_3/src/uros_ws/install/micro_ros_setup/share/micro_ros_setup/package.dsv'
[2.397s] INFO:colcon.colcon_core.shell:Creating package script '/workspace/TE3001B_TEAM_3/src/uros_ws/install/micro_ros_setup/share/micro_ros_setup/package.sh'
[2.398s] INFO:colcon.colcon_core.shell:Creating package script '/workspace/TE3001B_TEAM_3/src/uros_ws/install/micro_ros_setup/share/micro_ros_setup/package.bash'
[2.398s] INFO:colcon.colcon_core.shell:Creating package script '/workspace/TE3001B_TEAM_3/src/uros_ws/install/micro_ros_setup/share/micro_ros_setup/package.zsh'
[2.399s] Level 1:colcon.colcon_core.environment:create_file_with_runtime_dependencies(/workspace/TE3001B_TEAM_3/src/uros_ws/install/micro_ros_setup/share/colcon-core/packages/micro_ros_setup)
[2.399s] DEBUG:colcon.colcon_parallel_executor.executor.parallel:closing loop
[2.400s] DEBUG:colcon.colcon_parallel_executor.executor.parallel:loop closed
[2.400s] DEBUG:colcon.colcon_parallel_executor.executor.parallel:run_until_complete finished with '0'
[2.400s] DEBUG:colcon.colcon_core.event_reactor:joining thread
[2.420s] INFO:colcon.colcon_core.plugin_system:Skipping extension 'colcon_notification.desktop_notification.notify_send': Could not find 'notify-send'
[2.420s] INFO:colcon.colcon_core.plugin_system:Skipping extension 'colcon_notification.desktop_notification.terminal_notifier': Not used on non-Darwin systems
[2.420s] INFO:colcon.colcon_core.plugin_system:Skipping extension 'colcon_notification.desktop_notification.win32': Not used on non-Windows systems
[2.420s] INFO:colcon.colcon_notification.desktop_notification:Sending desktop notification using 'notify2'
[2.426s] DEBUG:colcon.colcon_notification.desktop_notification.notify2:Failed to initialize notify2: org.freedesktop.DBus.Error.Spawn.ExecFailed: /usr/bin/dbus-launch terminated abnormally without any error message
[2.427s] DEBUG:colcon.colcon_core.event_reactor:joined thread
[2.428s] INFO:colcon.colcon_core.shell:Creating prefix script '/workspace/TE3001B_TEAM_3/src/uros_ws/install/local_setup.ps1'
[2.430s] INFO:colcon.colcon_core.shell:Creating prefix util module '/workspace/TE3001B_TEAM_3/src/uros_ws/install/_local_setup_util_ps1.py'
[2.433s] INFO:colcon.colcon_core.shell:Creating prefix chain script '/workspace/TE3001B_TEAM_3/src/uros_ws/install/setup.ps1'
[2.434s] INFO:colcon.colcon_core.shell:Creating prefix script '/workspace/TE3001B_TEAM_3/src/uros_ws/install/local_setup.sh'
[2.436s] INFO:colcon.colcon_core.shell:Creating prefix util module '/workspace/TE3001B_TEAM_3/src/uros_ws/install/_local_setup_util_sh.py'
[2.437s] INFO:colcon.colcon_core.shell:Creating prefix chain script '/workspace/TE3001B_TEAM_3/src/uros_ws/install/setup.sh'
[2.439s] INFO:colcon.colcon_core.shell:Creating prefix script '/workspace/TE3001B_TEAM_3/src/uros_ws/install/local_setup.bash'
[2.440s] INFO:colcon.colcon_core.shell:Creating prefix chain script '/workspace/TE3001B_TEAM_3/src/uros_ws/install/setup.bash'
[2.442s] INFO:colcon.colcon_core.shell:Creating prefix script '/workspace/TE3001B_TEAM_3/src/uros_ws/install/local_setup.zsh'
[2.443s] INFO:colcon.colcon_core.shell:Creating prefix chain script '/workspace/TE3001B_TEAM_3/src/uros_ws/install/setup.zsh'
