[1.032s] Invoking command in '/workspace/TE3001B_TEAM_3/src/xarm_perturbationsV2/build/xarm_perturbations': PYTHONPATH=/workspace/TE3001B_TEAM_3/src/xarm_perturbationsV2/build/xarm_perturbations/prefix_override:/usr/lib/python3/dist-packages/colcon_core/task/python/colcon_distutils_commands:/workspace/TE3001B_TEAM_3/src/xarm_perturbationsV2/install/xarm_perturbations/lib/python3.10/site-packages:${PYTHONPATH} /usr/bin/python3 -W ignore:setup.py install is deprecated -W ignore:easy_install command is deprecated setup.py develop --editable --build-directory /workspace/TE3001B_TEAM_3/src/xarm_perturbationsV2/build/xarm_perturbations/build --no-deps symlink_data
[1.398s] running develop
[1.627s] running egg_info
[1.627s] writing xarm_perturbations.egg-info/PKG-INFO
[1.627s] writing dependency_links to xarm_perturbations.egg-info/dependency_links.txt
[1.628s] writing entry points to xarm_perturbations.egg-info/entry_points.txt
[1.628s] writing requirements to xarm_perturbations.egg-info/requires.txt
[1.628s] writing top-level names to xarm_perturbations.egg-info/top_level.txt
[1.630s] reading manifest file 'xarm_perturbations.egg-info/SOURCES.txt'
[1.631s] writing manifest file 'xarm_perturbations.egg-info/SOURCES.txt'
[1.633s] running build_ext
[1.633s] Creating /workspace/TE3001B_TEAM_3/src/xarm_perturbationsV2/install/xarm_perturbations/lib/python3.10/site-packages/xarm-perturbations.egg-link (link to .)
[1.634s] Installing ik_reference_generator script to /workspace/TE3001B_TEAM_3/src/xarm_perturbationsV2/install/xarm_perturbations/lib/xarm_perturbations
[1.634s] Installing joint_space_controller script to /workspace/TE3001B_TEAM_3/src/xarm_perturbationsV2/install/xarm_perturbations/lib/xarm_perturbations
[1.634s] Installing perturbation_injector script to /workspace/TE3001B_TEAM_3/src/xarm_perturbationsV2/install/xarm_perturbations/lib/xarm_perturbations
[1.634s] Installing trial_logger script to /workspace/TE3001B_TEAM_3/src/xarm_perturbationsV2/install/xarm_perturbations/lib/xarm_perturbations
[1.635s] 
[1.635s] Installed /workspace/TE3001B_TEAM_3/src/xarm_perturbationsV2/build/xarm_perturbations
[1.635s] running symlink_data
[1.635s] creating /workspace/TE3001B_TEAM_3/src/xarm_perturbationsV2/install/xarm_perturbations/share/xarm_perturbations/launch
[1.635s] symbolically linking /workspace/TE3001B_TEAM_3/src/xarm_perturbationsV2/build/xarm_perturbations/launch/xarm_perturbations.launch.py -> /workspace/TE3001B_TEAM_3/src/xarm_perturbationsV2/install/xarm_perturbations/share/xarm_perturbations/launch
[1.671s] Invoked command in '/workspace/TE3001B_TEAM_3/src/xarm_perturbationsV2/build/xarm_perturbations' returned '0': PYTHONPATH=/workspace/TE3001B_TEAM_3/src/xarm_perturbationsV2/build/xarm_perturbations/prefix_override:/usr/lib/python3/dist-packages/colcon_core/task/python/colcon_distutils_commands:/workspace/TE3001B_TEAM_3/src/xarm_perturbationsV2/install/xarm_perturbations/lib/python3.10/site-packages:${PYTHONPATH} /usr/bin/python3 -W ignore:setup.py install is deprecated -W ignore:easy_install command is deprecated setup.py develop --editable --build-directory /workspace/TE3001B_TEAM_3/src/xarm_perturbationsV2/build/xarm_perturbations/build --no-deps symlink_data
