[0.525s] Invoking command in '/home/luxfero/uros_ws/src/motor_control_pkg': PYTHONPATH=/home/luxfero/uros_ws/build/motor_control_pkg/prefix_override:/usr/lib/python3/dist-packages/colcon_core/task/python/colcon_distutils_commands:/home/luxfero/uros_ws/install/motor_control_pkg/lib/python3.10/site-packages:${PYTHONPATH} /usr/bin/python3 -W ignore:setup.py install is deprecated -W ignore:easy_install command is deprecated setup.py egg_info --egg-base ../../build/motor_control_pkg build --build-base /home/luxfero/uros_ws/build/motor_control_pkg/build install --record /home/luxfero/uros_ws/build/motor_control_pkg/install.log --single-version-externally-managed install_data
[0.666s] running egg_info
[0.666s] creating ../../build/motor_control_pkg/motor_control_pkg.egg-info
[0.666s] writing ../../build/motor_control_pkg/motor_control_pkg.egg-info/PKG-INFO
[0.666s] writing dependency_links to ../../build/motor_control_pkg/motor_control_pkg.egg-info/dependency_links.txt
[0.666s] writing entry points to ../../build/motor_control_pkg/motor_control_pkg.egg-info/entry_points.txt
[0.666s] writing requirements to ../../build/motor_control_pkg/motor_control_pkg.egg-info/requires.txt
[0.666s] writing top-level names to ../../build/motor_control_pkg/motor_control_pkg.egg-info/top_level.txt
[0.666s] writing manifest file '../../build/motor_control_pkg/motor_control_pkg.egg-info/SOURCES.txt'
[0.668s] reading manifest file '../../build/motor_control_pkg/motor_control_pkg.egg-info/SOURCES.txt'
[0.668s] writing manifest file '../../build/motor_control_pkg/motor_control_pkg.egg-info/SOURCES.txt'
[0.668s] running build
[0.668s] running build_py
[0.669s] creating /home/luxfero/uros_ws/build/motor_control_pkg/build
[0.669s] creating /home/luxfero/uros_ws/build/motor_control_pkg/build/lib
[0.669s] creating /home/luxfero/uros_ws/build/motor_control_pkg/build/lib/motor_control_pkg
[0.669s] copying motor_control_pkg/input_node.py -> /home/luxfero/uros_ws/build/motor_control_pkg/build/lib/motor_control_pkg
[0.669s] copying motor_control_pkg/__init__.py -> /home/luxfero/uros_ws/build/motor_control_pkg/build/lib/motor_control_pkg
[0.669s] running install
[0.669s] running install_lib
[0.669s] creating /home/luxfero/uros_ws/install/motor_control_pkg/lib/python3.10/site-packages/motor_control_pkg
[0.669s] copying /home/luxfero/uros_ws/build/motor_control_pkg/build/lib/motor_control_pkg/input_node.py -> /home/luxfero/uros_ws/install/motor_control_pkg/lib/python3.10/site-packages/motor_control_pkg
[0.669s] copying /home/luxfero/uros_ws/build/motor_control_pkg/build/lib/motor_control_pkg/__init__.py -> /home/luxfero/uros_ws/install/motor_control_pkg/lib/python3.10/site-packages/motor_control_pkg
[0.669s] byte-compiling /home/luxfero/uros_ws/install/motor_control_pkg/lib/python3.10/site-packages/motor_control_pkg/input_node.py to input_node.cpython-310.pyc
[0.670s] byte-compiling /home/luxfero/uros_ws/install/motor_control_pkg/lib/python3.10/site-packages/motor_control_pkg/__init__.py to __init__.cpython-310.pyc
[0.670s] running install_data
[0.670s] creating /home/luxfero/uros_ws/install/motor_control_pkg/share/ament_index
[0.670s] creating /home/luxfero/uros_ws/install/motor_control_pkg/share/ament_index/resource_index
[0.670s] creating /home/luxfero/uros_ws/install/motor_control_pkg/share/ament_index/resource_index/packages
[0.670s] copying resource/motor_control_pkg -> /home/luxfero/uros_ws/install/motor_control_pkg/share/ament_index/resource_index/packages
[0.671s] copying package.xml -> /home/luxfero/uros_ws/install/motor_control_pkg/share/motor_control_pkg
[0.671s] creating /home/luxfero/uros_ws/install/motor_control_pkg/share/motor_control_pkg/launch
[0.671s] creating /home/luxfero/uros_ws/install/motor_control_pkg/share/motor_control_pkg/config
[0.671s] copying config/input_params.yaml -> /home/luxfero/uros_ws/install/motor_control_pkg/share/motor_control_pkg/config
[0.671s] running install_egg_info
[0.672s] Copying ../../build/motor_control_pkg/motor_control_pkg.egg-info to /home/luxfero/uros_ws/install/motor_control_pkg/lib/python3.10/site-packages/motor_control_pkg-0.0.0-py3.10.egg-info
[0.672s] running install_scripts
[0.685s] Installing input_node script to /home/luxfero/uros_ws/install/motor_control_pkg/lib/motor_control_pkg
[0.685s] writing list of installed files to '/home/luxfero/uros_ws/build/motor_control_pkg/install.log'
[0.700s] Invoked command in '/home/luxfero/uros_ws/src/motor_control_pkg' returned '0': PYTHONPATH=/home/luxfero/uros_ws/build/motor_control_pkg/prefix_override:/usr/lib/python3/dist-packages/colcon_core/task/python/colcon_distutils_commands:/home/luxfero/uros_ws/install/motor_control_pkg/lib/python3.10/site-packages:${PYTHONPATH} /usr/bin/python3 -W ignore:setup.py install is deprecated -W ignore:easy_install command is deprecated setup.py egg_info --egg-base ../../build/motor_control_pkg build --build-base /home/luxfero/uros_ws/build/motor_control_pkg/build install --record /home/luxfero/uros_ws/build/motor_control_pkg/install.log --single-version-externally-managed install_data
