[0.825s] Invoking command in '/workspace/TE3001B_TEAM_3/src/xarm_perturbationsV2/build/xarm_perturbations': PYTHONPATH=/workspace/TE3001B_TEAM_3/src/xarm_perturbationsV2/build/xarm_perturbations/prefix_override:/usr/lib/python3/dist-packages/colcon_core/task/python/colcon_distutils_commands:/workspace/TE3001B_TEAM_3/src/xarm_perturbationsV2/install/xarm_perturbations/lib/python3.10/site-packages:${PYTHONPATH} /usr/bin/python3 -W ignore:setup.py install is deprecated -W ignore:easy_install command is deprecated setup.py develop --editable --build-directory /workspace/TE3001B_TEAM_3/src/xarm_perturbationsV2/build/xarm_perturbations/build --no-deps symlink_data
[1.176s] running develop
[1.385s] running egg_info
[1.385s] writing xarm_perturbations.egg-info/PKG-INFO
[1.386s] writing dependency_links to xarm_perturbations.egg-info/dependency_links.txt
[1.386s] writing entry points to xarm_perturbations.egg-info/entry_points.txt
[1.386s] writing requirements to xarm_perturbations.egg-info/requires.txt
[1.386s] writing top-level names to xarm_perturbations.egg-info/top_level.txt
[1.388s] reading manifest file 'xarm_perturbations.egg-info/SOURCES.txt'
[1.390s] writing manifest file 'xarm_perturbations.egg-info/SOURCES.txt'
[1.391s] running build_ext
[1.392s] Creating /workspace/TE3001B_TEAM_3/src/xarm_perturbationsV2/install/xarm_perturbations/lib/python3.10/site-packages/xarm-perturbations.egg-link (link to .)
[1.393s] Installing ik_reference_generator script to /workspace/TE3001B_TEAM_3/src/xarm_perturbationsV2/install/xarm_perturbations/lib/xarm_perturbations
[1.393s] Installing joint_space_controller script to /workspace/TE3001B_TEAM_3/src/xarm_perturbationsV2/install/xarm_perturbations/lib/xarm_perturbations
[1.393s] Installing perturbation_injector script to /workspace/TE3001B_TEAM_3/src/xarm_perturbationsV2/install/xarm_perturbations/lib/xarm_perturbations
[1.393s] Installing trial_logger script to /workspace/TE3001B_TEAM_3/src/xarm_perturbationsV2/install/xarm_perturbations/lib/xarm_perturbations
[1.394s] 
[1.394s] Installed /workspace/TE3001B_TEAM_3/src/xarm_perturbationsV2/build/xarm_perturbations
[1.394s] running symlink_data
[1.432s] Invoked command in '/workspace/TE3001B_TEAM_3/src/xarm_perturbationsV2/build/xarm_perturbations' returned '0': PYTHONPATH=/workspace/TE3001B_TEAM_3/src/xarm_perturbationsV2/build/xarm_perturbations/prefix_override:/usr/lib/python3/dist-packages/colcon_core/task/python/colcon_distutils_commands:/workspace/TE3001B_TEAM_3/src/xarm_perturbationsV2/install/xarm_perturbations/lib/python3.10/site-packages:${PYTHONPATH} /usr/bin/python3 -W ignore:setup.py install is deprecated -W ignore:easy_install command is deprecated setup.py develop --editable --build-directory /workspace/TE3001B_TEAM_3/src/xarm_perturbationsV2/build/xarm_perturbations/build --no-deps symlink_data
