[0.017s] Invoking command in '/workspace/TE3001B_TEAM_3/src/uros_ws/build/micro_ros_msgs': CMAKE_PREFIX_PATH=${CMAKE_PREFIX_PATH}:/opt/ros/humble /usr/bin/cmake /workspace/TE3001B_TEAM_3/src/uros_ws/src/uros/micro_ros_msgs -DUAGENT_BUILD_EXECUTABLE=OFF -DUAGENT_P2P_PROFILE=OFF --no-warn-unused-cli -DCMAKE_INSTALL_PREFIX=/workspace/TE3001B_TEAM_3/src/uros_ws/install/micro_ros_msgs
[0.030s] Not searching for unused variables given on the command line.
[0.114s] -- The C compiler identification is GNU 11.4.0
[0.193s] -- The CXX compiler identification is GNU 11.4.0
[0.203s] -- Detecting C compiler ABI info
[0.290s] -- Detecting C compiler ABI info - done
[0.299s] -- Check for working C compiler: /usr/bin/cc - skipped
[0.300s] -- Detecting C compile features
[0.301s] -- Detecting C compile features - done
[0.307s] -- Detecting CXX compiler ABI info
[0.415s] -- Detecting CXX compiler ABI info - done
[0.435s] -- Check for working CXX compiler: /usr/bin/c++ - skipped
[0.436s] -- Detecting CXX compile features
[0.437s] -- Detecting CXX compile features - done
[0.445s] -- Found ament_cmake: 1.3.12 (/opt/ros/humble/share/ament_cmake/cmake)
[0.647s] -- Found Python3: /usr/bin/python3 (found version "3.10.12") found components: Interpreter 
[0.807s] -- Found rosidl_default_generators: 1.2.0 (/opt/ros/humble/share/rosidl_default_generators/cmake)
[0.821s] -- Using all available rosidl_typesupport_c: rosidl_typesupport_fastrtps_c;rosidl_typesupport_introspection_c
[0.850s] -- Found rosidl_adapter: 3.1.8 (/opt/ros/humble/share/rosidl_adapter/cmake)
[0.974s] -- Using all available rosidl_typesupport_cpp: rosidl_typesupport_fastrtps_cpp;rosidl_typesupport_introspection_cpp
[1.068s] -- Found ament_lint_auto: 0.12.14 (/opt/ros/humble/share/ament_lint_auto/cmake)
[1.453s] -- Found ament_cmake_ros: 0.10.0 (/opt/ros/humble/share/ament_cmake_ros/cmake)
[1.710s] -- Using all available rosidl_typesupport_c: rosidl_typesupport_fastrtps_c;rosidl_typesupport_introspection_c
[2.040s] -- Using all available rosidl_typesupport_cpp: rosidl_typesupport_fastrtps_cpp;rosidl_typesupport_introspection_cpp
[2.070s] -- Found PythonInterp: /usr/bin/python3 (found suitable version "3.10.12", minimum required is "3.6") 
[2.077s] -- Found python_cmake_module: 0.10.0 (/opt/ros/humble/share/python_cmake_module/cmake)
[2.114s] -- Found PythonLibs: /usr/lib/x86_64-linux-gnu/libpython3.10.so (found suitable version "3.10.12", minimum required is "3.5") 
[2.114s] -- Using PYTHON_EXECUTABLE: /usr/bin/python3
[2.114s] -- Using PYTHON_INCLUDE_DIRS: /usr/include/python3.10
[2.114s] -- Using PYTHON_LIBRARIES: /usr/lib/x86_64-linux-gnu/libpython3.10.so
[2.141s] -- Found PythonExtra: .so  
[2.189s] -- Added test 'copyright' to check source files copyright and LICENSE
[2.200s] -- Added test 'lint_cmake' to check CMake code style
[2.206s] -- Added test 'xmllint' to check XML markup files
[2.219s] -- Configuring done
[2.263s] -- Generating done
[2.276s] -- Build files have been written to: /workspace/TE3001B_TEAM_3/src/uros_ws/build/micro_ros_msgs
[2.284s] Invoked command in '/workspace/TE3001B_TEAM_3/src/uros_ws/build/micro_ros_msgs' returned '0': CMAKE_PREFIX_PATH=${CMAKE_PREFIX_PATH}:/opt/ros/humble /usr/bin/cmake /workspace/TE3001B_TEAM_3/src/uros_ws/src/uros/micro_ros_msgs -DUAGENT_BUILD_EXECUTABLE=OFF -DUAGENT_P2P_PROFILE=OFF --no-warn-unused-cli -DCMAKE_INSTALL_PREFIX=/workspace/TE3001B_TEAM_3/src/uros_ws/install/micro_ros_msgs
[2.287s] Invoking command in '/workspace/TE3001B_TEAM_3/src/uros_ws/build/micro_ros_msgs': CMAKE_PREFIX_PATH=${CMAKE_PREFIX_PATH}:/opt/ros/humble /usr/bin/cmake --build /workspace/TE3001B_TEAM_3/src/uros_ws/build/micro_ros_msgs -- -j4 -l4
[2.351s] [  2%] [34m[1mGenerating C code for ROS interfaces[0m
[2.368s] [  4%] [34m[1mGenerating C++ code for ROS interfaces[0m
[2.373s] [  4%] Built target ament_cmake_python_copy_micro_ros_msgs
[2.835s] running egg_info
[2.836s] creating micro_ros_msgs.egg-info
[2.836s] writing micro_ros_msgs.egg-info/PKG-INFO
[2.837s] writing dependency_links to micro_ros_msgs.egg-info/dependency_links.txt
[2.837s] writing top-level names to micro_ros_msgs.egg-info/top_level.txt
[2.838s] writing manifest file 'micro_ros_msgs.egg-info/SOURCES.txt'
[2.841s] reading manifest file 'micro_ros_msgs.egg-info/SOURCES.txt'
[2.842s] writing manifest file 'micro_ros_msgs.egg-info/SOURCES.txt'
[2.873s] [  4%] Built target ament_cmake_python_build_micro_ros_msgs_egg
[3.192s] [  4%] Built target micro_ros_msgs__cpp
[3.210s] [  6%] [34m[1mGenerating C++ type support for eProsima Fast-RTPS[0m
[3.214s] [  8%] [34m[1mGenerating C++ introspection for ROS interfaces[0m
[3.218s] [ 10%] [34m[1mGenerating C++ type support dispatch for ROS interfaces[0m
[3.219s] [ 12%] [32mBuilding C object CMakeFiles/micro_ros_msgs__rosidl_generator_c.dir/rosidl_generator_c/micro_ros_msgs/msg/detail/graph__functions.c.o[0m
[3.367s] [ 14%] [32mBuilding C object CMakeFiles/micro_ros_msgs__rosidl_generator_c.dir/rosidl_generator_c/micro_ros_msgs/msg/detail/node__functions.c.o[0m
[3.478s] [ 17%] [32mBuilding C object CMakeFiles/micro_ros_msgs__rosidl_generator_c.dir/rosidl_generator_c/micro_ros_msgs/msg/detail/entity__functions.c.o[0m
[3.582s] [ 19%] [32m[1mLinking C shared library libmicro_ros_msgs__rosidl_generator_c.so[0m
[3.665s] [ 19%] Built target micro_ros_msgs__rosidl_generator_c
[3.696s] [ 21%] [34m[1mGenerating C type support for eProsima Fast-RTPS[0m
[4.001s] [ 23%] [32mBuilding CXX object CMakeFiles/micro_ros_msgs__rosidl_typesupport_cpp.dir/rosidl_typesupport_cpp/micro_ros_msgs/msg/graph__type_support.cpp.o[0m
[4.084s] [ 25%] [32mBuilding CXX object CMakeFiles/micro_ros_msgs__rosidl_typesupport_introspection_cpp.dir/rosidl_typesupport_introspection_cpp/micro_ros_msgs/msg/detail/graph__type_support.cpp.o[0m
[4.297s] [ 27%] [32mBuilding CXX object CMakeFiles/micro_ros_msgs__rosidl_typesupport_fastrtps_cpp.dir/rosidl_typesupport_fastrtps_cpp/micro_ros_msgs/msg/detail/dds_fastrtps/graph__type_support.cpp.o[0m
[4.751s] [ 29%] [32mBuilding CXX object CMakeFiles/micro_ros_msgs__rosidl_typesupport_fastrtps_c.dir/rosidl_typesupport_fastrtps_c/micro_ros_msgs/msg/detail/graph__type_support_c.cpp.o[0m
[4.785s] [ 31%] [32mBuilding CXX object CMakeFiles/micro_ros_msgs__rosidl_typesupport_cpp.dir/rosidl_typesupport_cpp/micro_ros_msgs/msg/node__type_support.cpp.o[0m
[5.425s] [ 34%] [32mBuilding CXX object CMakeFiles/micro_ros_msgs__rosidl_typesupport_cpp.dir/rosidl_typesupport_cpp/micro_ros_msgs/msg/entity__type_support.cpp.o[0m
[5.644s] [ 36%] [32mBuilding CXX object CMakeFiles/micro_ros_msgs__rosidl_typesupport_introspection_cpp.dir/rosidl_typesupport_introspection_cpp/micro_ros_msgs/msg/detail/node__type_support.cpp.o[0m
[5.971s] [ 38%] [32mBuilding CXX object CMakeFiles/micro_ros_msgs__rosidl_typesupport_fastrtps_c.dir/rosidl_typesupport_fastrtps_c/micro_ros_msgs/msg/detail/node__type_support_c.cpp.o[0m
[6.009s] [ 40%] [32mBuilding CXX object CMakeFiles/micro_ros_msgs__rosidl_typesupport_fastrtps_cpp.dir/rosidl_typesupport_fastrtps_cpp/micro_ros_msgs/msg/detail/dds_fastrtps/node__type_support.cpp.o[0m
[6.397s] [ 42%] [32m[1mLinking CXX shared library libmicro_ros_msgs__rosidl_typesupport_cpp.so[0m
[6.631s] [ 42%] Built target micro_ros_msgs__rosidl_typesupport_cpp
[6.686s] [ 44%] [32mBuilding CXX object CMakeFiles/micro_ros_msgs__rosidl_typesupport_fastrtps_c.dir/rosidl_typesupport_fastrtps_c/micro_ros_msgs/msg/detail/entity__type_support_c.cpp.o[0m
[7.153s] [ 46%] [32mBuilding CXX object CMakeFiles/micro_ros_msgs__rosidl_typesupport_introspection_cpp.dir/rosidl_typesupport_introspection_cpp/micro_ros_msgs/msg/detail/entity__type_support.cpp.o[0m
[7.236s] [ 48%] [34m[1mGenerating C introspection for ROS interfaces[0m
[7.486s] [ 51%] [32mBuilding CXX object CMakeFiles/micro_ros_msgs__rosidl_typesupport_fastrtps_cpp.dir/rosidl_typesupport_fastrtps_cpp/micro_ros_msgs/msg/detail/dds_fastrtps/entity__type_support.cpp.o[0m
[7.728s] [ 53%] [32m[1mLinking CXX shared library libmicro_ros_msgs__rosidl_typesupport_fastrtps_c.so[0m
[7.900s] [ 53%] Built target micro_ros_msgs__rosidl_typesupport_fastrtps_c
[7.918s] [ 55%] [34m[1mGenerating C type support dispatch for ROS interfaces[0m
[8.061s] [ 57%] [32m[1mLinking CXX shared library libmicro_ros_msgs__rosidl_typesupport_introspection_cpp.so[0m
[8.323s] [ 57%] Built target micro_ros_msgs__rosidl_typesupport_introspection_cpp
[8.353s] [ 59%] [32mBuilding C object CMakeFiles/micro_ros_msgs__rosidl_typesupport_introspection_c.dir/rosidl_typesupport_introspection_c/micro_ros_msgs/msg/detail/node__type_support.c.o[0m
[8.358s] [ 61%] [32mBuilding C object CMakeFiles/micro_ros_msgs__rosidl_typesupport_introspection_c.dir/rosidl_typesupport_introspection_c/micro_ros_msgs/msg/detail/graph__type_support.c.o[0m
[8.478s] [ 63%] [32mBuilding C object CMakeFiles/micro_ros_msgs__rosidl_typesupport_introspection_c.dir/rosidl_typesupport_introspection_c/micro_ros_msgs/msg/detail/entity__type_support.c.o[0m
[8.554s] [ 65%] [32m[1mLinking C shared library libmicro_ros_msgs__rosidl_typesupport_introspection_c.so[0m
[8.563s] [ 68%] [32m[1mLinking CXX shared library libmicro_ros_msgs__rosidl_typesupport_fastrtps_cpp.so[0m
[8.611s] [ 68%] Built target micro_ros_msgs__rosidl_typesupport_introspection_c
[8.687s] [ 70%] [32mBuilding CXX object CMakeFiles/micro_ros_msgs__rosidl_typesupport_c.dir/rosidl_typesupport_c/micro_ros_msgs/msg/entity__type_support.cpp.o[0m
[8.699s] [ 72%] [32mBuilding CXX object CMakeFiles/micro_ros_msgs__rosidl_typesupport_c.dir/rosidl_typesupport_c/micro_ros_msgs/msg/graph__type_support.cpp.o[0m
[8.701s] [ 74%] [32mBuilding CXX object CMakeFiles/micro_ros_msgs__rosidl_typesupport_c.dir/rosidl_typesupport_c/micro_ros_msgs/msg/node__type_support.cpp.o[0m
[8.718s] [ 74%] Built target micro_ros_msgs__rosidl_typesupport_fastrtps_cpp
[8.798s] [ 76%] [32m[1mLinking CXX shared library libmicro_ros_msgs__rosidl_typesupport_c.so[0m
[8.852s] [ 76%] Built target micro_ros_msgs__rosidl_typesupport_c
[8.876s] [ 76%] Built target micro_ros_msgs
[8.900s] [ 78%] [34m[1mGenerating Python code for ROS interfaces[0m
[9.567s] [ 78%] Built target micro_ros_msgs__py
[9.593s] [ 80%] [32mBuilding C object CMakeFiles/micro_ros_msgs__rosidl_generator_py.dir/rosidl_generator_py/micro_ros_msgs/msg/_graph_s.c.o[0m
[9.596s] [ 82%] [32mBuilding C object CMakeFiles/micro_ros_msgs__rosidl_generator_py.dir/rosidl_generator_py/micro_ros_msgs/msg/_entity_s.c.o[0m
[9.597s] [ 85%] [32mBuilding C object CMakeFiles/micro_ros_msgs__rosidl_generator_py.dir/rosidl_generator_py/micro_ros_msgs/msg/_node_s.c.o[0m
[9.843s] [ 87%] [32m[1mLinking C shared library rosidl_generator_py/micro_ros_msgs/libmicro_ros_msgs__rosidl_generator_py.so[0m
[9.892s] [ 87%] Built target micro_ros_msgs__rosidl_generator_py
[9.919s] [ 89%] [32mBuilding C object CMakeFiles/micro_ros_msgs__rosidl_typesupport_introspection_c__pyext.dir/rosidl_generator_py/micro_ros_msgs/_micro_ros_msgs_s.ep.rosidl_typesupport_introspection_c.c.o[0m
[9.926s] [ 93%] [32mBuilding C object CMakeFiles/micro_ros_msgs__rosidl_typesupport_c__pyext.dir/rosidl_generator_py/micro_ros_msgs/_micro_ros_msgs_s.ep.rosidl_typesupport_c.c.o[0m
[9.926s] [ 93%] [32mBuilding C object CMakeFiles/micro_ros_msgs__rosidl_typesupport_fastrtps_c__pyext.dir/rosidl_generator_py/micro_ros_msgs/_micro_ros_msgs_s.ep.rosidl_typesupport_fastrtps_c.c.o[0m
[10.125s] [ 95%] [32m[1mLinking C shared library rosidl_generator_py/micro_ros_msgs/micro_ros_msgs_s__rosidl_typesupport_introspection_c.cpython-310-x86_64-linux-gnu.so[0m
[10.135s] [ 97%] [32m[1mLinking C shared library rosidl_generator_py/micro_ros_msgs/micro_ros_msgs_s__rosidl_typesupport_c.cpython-310-x86_64-linux-gnu.so[0m
[10.147s] [100%] [32m[1mLinking C shared library rosidl_generator_py/micro_ros_msgs/micro_ros_msgs_s__rosidl_typesupport_fastrtps_c.cpython-310-x86_64-linux-gnu.so[0m
[10.182s] [100%] Built target micro_ros_msgs__rosidl_typesupport_introspection_c__pyext
[10.192s] [100%] Built target micro_ros_msgs__rosidl_typesupport_c__pyext
[10.204s] [100%] Built target micro_ros_msgs__rosidl_typesupport_fastrtps_c__pyext
[10.221s] Invoked command in '/workspace/TE3001B_TEAM_3/src/uros_ws/build/micro_ros_msgs' returned '0': CMAKE_PREFIX_PATH=${CMAKE_PREFIX_PATH}:/opt/ros/humble /usr/bin/cmake --build /workspace/TE3001B_TEAM_3/src/uros_ws/build/micro_ros_msgs -- -j4 -l4
[10.232s] Invoking command in '/workspace/TE3001B_TEAM_3/src/uros_ws/build/micro_ros_msgs': CMAKE_PREFIX_PATH=${CMAKE_PREFIX_PATH}:/opt/ros/humble /usr/bin/cmake --install /workspace/TE3001B_TEAM_3/src/uros_ws/build/micro_ros_msgs
[10.242s] -- Install configuration: ""
[10.243s] -- Installing: /workspace/TE3001B_TEAM_3/src/uros_ws/install/micro_ros_msgs/share/ament_index/resource_index/rosidl_interfaces/micro_ros_msgs
[10.243s] -- Installing: /workspace/TE3001B_TEAM_3/src/uros_ws/install/micro_ros_msgs/include/micro_ros_msgs/micro_ros_msgs
[10.244s] -- Installing: /workspace/TE3001B_TEAM_3/src/uros_ws/install/micro_ros_msgs/include/micro_ros_msgs/micro_ros_msgs/msg
[10.244s] -- Installing: /workspace/TE3001B_TEAM_3/src/uros_ws/install/micro_ros_msgs/include/micro_ros_msgs/micro_ros_msgs/msg/graph.h
[10.244s] -- Installing: /workspace/TE3001B_TEAM_3/src/uros_ws/install/micro_ros_msgs/include/micro_ros_msgs/micro_ros_msgs/msg/rosidl_generator_c__visibility_control.h
[10.244s] -- Installing: /workspace/TE3001B_TEAM_3/src/uros_ws/install/micro_ros_msgs/include/micro_ros_msgs/micro_ros_msgs/msg/node.h
[10.244s] -- Installing: /workspace/TE3001B_TEAM_3/src/uros_ws/install/micro_ros_msgs/include/micro_ros_msgs/micro_ros_msgs/msg/detail
[10.244s] -- Installing: /workspace/TE3001B_TEAM_3/src/uros_ws/install/micro_ros_msgs/include/micro_ros_msgs/micro_ros_msgs/msg/detail/node__functions.h
[10.245s] -- Installing: /workspace/TE3001B_TEAM_3/src/uros_ws/install/micro_ros_msgs/include/micro_ros_msgs/micro_ros_msgs/msg/detail/entity__functions.h
[10.245s] -- Installing: /workspace/TE3001B_TEAM_3/src/uros_ws/install/micro_ros_msgs/include/micro_ros_msgs/micro_ros_msgs/msg/detail/node__type_support.h
[10.245s] -- Installing: /workspace/TE3001B_TEAM_3/src/uros_ws/install/micro_ros_msgs/include/micro_ros_msgs/micro_ros_msgs/msg/detail/graph__struct.h
[10.245s] -- Installing: /workspace/TE3001B_TEAM_3/src/uros_ws/install/micro_ros_msgs/include/micro_ros_msgs/micro_ros_msgs/msg/detail/node__struct.h
[10.246s] -- Installing: /workspace/TE3001B_TEAM_3/src/uros_ws/install/micro_ros_msgs/include/micro_ros_msgs/micro_ros_msgs/msg/detail/entity__type_support.h
[10.246s] -- Installing: /workspace/TE3001B_TEAM_3/src/uros_ws/install/micro_ros_msgs/include/micro_ros_msgs/micro_ros_msgs/msg/detail/entity__struct.h
[10.246s] -- Installing: /workspace/TE3001B_TEAM_3/src/uros_ws/install/micro_ros_msgs/include/micro_ros_msgs/micro_ros_msgs/msg/detail/entity__functions.c
[10.246s] -- Installing: /workspace/TE3001B_TEAM_3/src/uros_ws/install/micro_ros_msgs/include/micro_ros_msgs/micro_ros_msgs/msg/detail/graph__type_support.h
[10.246s] -- Installing: /workspace/TE3001B_TEAM_3/src/uros_ws/install/micro_ros_msgs/include/micro_ros_msgs/micro_ros_msgs/msg/detail/graph__functions.c
[10.247s] -- Installing: /workspace/TE3001B_TEAM_3/src/uros_ws/install/micro_ros_msgs/include/micro_ros_msgs/micro_ros_msgs/msg/detail/node__functions.c
[10.247s] -- Installing: /workspace/TE3001B_TEAM_3/src/uros_ws/install/micro_ros_msgs/include/micro_ros_msgs/micro_ros_msgs/msg/detail/graph__functions.h
[10.247s] -- Installing: /workspace/TE3001B_TEAM_3/src/uros_ws/install/micro_ros_msgs/include/micro_ros_msgs/micro_ros_msgs/msg/entity.h
[10.247s] -- Installing: /workspace/TE3001B_TEAM_3/src/uros_ws/install/micro_ros_msgs/share/micro_ros_msgs/environment/library_path.sh
[10.247s] -- Installing: /workspace/TE3001B_TEAM_3/src/uros_ws/install/micro_ros_msgs/share/micro_ros_msgs/environment/library_path.dsv
[10.248s] -- Installing: /workspace/TE3001B_TEAM_3/src/uros_ws/install/micro_ros_msgs/lib/libmicro_ros_msgs__rosidl_generator_c.so
[10.248s] -- Set runtime path of "/workspace/TE3001B_TEAM_3/src/uros_ws/install/micro_ros_msgs/lib/libmicro_ros_msgs__rosidl_generator_c.so" to ""
[10.248s] -- Up-to-date: /workspace/TE3001B_TEAM_3/src/uros_ws/install/micro_ros_msgs/include/micro_ros_msgs/micro_ros_msgs
[10.248s] -- Up-to-date: /workspace/TE3001B_TEAM_3/src/uros_ws/install/micro_ros_msgs/include/micro_ros_msgs/micro_ros_msgs/msg
[10.249s] -- Up-to-date: /workspace/TE3001B_TEAM_3/src/uros_ws/install/micro_ros_msgs/include/micro_ros_msgs/micro_ros_msgs/msg/detail
[10.249s] -- Installing: /workspace/TE3001B_TEAM_3/src/uros_ws/install/micro_ros_msgs/include/micro_ros_msgs/micro_ros_msgs/msg/detail/graph__rosidl_typesupport_fastrtps_c.h
[10.249s] -- Installing: /workspace/TE3001B_TEAM_3/src/uros_ws/install/micro_ros_msgs/include/micro_ros_msgs/micro_ros_msgs/msg/detail/node__rosidl_typesupport_fastrtps_c.h
[10.249s] -- Installing: /workspace/TE3001B_TEAM_3/src/uros_ws/install/micro_ros_msgs/include/micro_ros_msgs/micro_ros_msgs/msg/detail/entity__rosidl_typesupport_fastrtps_c.h
[10.249s] -- Installing: /workspace/TE3001B_TEAM_3/src/uros_ws/install/micro_ros_msgs/include/micro_ros_msgs/micro_ros_msgs/msg/rosidl_typesupport_fastrtps_c__visibility_control.h
[10.250s] -- Installing: /workspace/TE3001B_TEAM_3/src/uros_ws/install/micro_ros_msgs/lib/libmicro_ros_msgs__rosidl_typesupport_fastrtps_c.so
[10.250s] -- Set runtime path of "/workspace/TE3001B_TEAM_3/src/uros_ws/install/micro_ros_msgs/lib/libmicro_ros_msgs__rosidl_typesupport_fastrtps_c.so" to ""
[10.250s] -- Up-to-date: /workspace/TE3001B_TEAM_3/src/uros_ws/install/micro_ros_msgs/include/micro_ros_msgs/micro_ros_msgs
[10.250s] -- Up-to-date: /workspace/TE3001B_TEAM_3/src/uros_ws/install/micro_ros_msgs/include/micro_ros_msgs/micro_ros_msgs/msg
[10.251s] -- Installing: /workspace/TE3001B_TEAM_3/src/uros_ws/install/micro_ros_msgs/include/micro_ros_msgs/micro_ros_msgs/msg/rosidl_typesupport_introspection_c__visibility_control.h
[10.251s] -- Up-to-date: /workspace/TE3001B_TEAM_3/src/uros_ws/install/micro_ros_msgs/include/micro_ros_msgs/micro_ros_msgs/msg/detail
[10.251s] -- Installing: /workspace/TE3001B_TEAM_3/src/uros_ws/install/micro_ros_msgs/include/micro_ros_msgs/micro_ros_msgs/msg/detail/node__type_support.c
[10.251s] -- Installing: /workspace/TE3001B_TEAM_3/src/uros_ws/install/micro_ros_msgs/include/micro_ros_msgs/micro_ros_msgs/msg/detail/graph__rosidl_typesupport_introspection_c.h
[10.251s] -- Installing: /workspace/TE3001B_TEAM_3/src/uros_ws/install/micro_ros_msgs/include/micro_ros_msgs/micro_ros_msgs/msg/detail/entity__rosidl_typesupport_introspection_c.h
[10.252s] -- Installing: /workspace/TE3001B_TEAM_3/src/uros_ws/install/micro_ros_msgs/include/micro_ros_msgs/micro_ros_msgs/msg/detail/entity__type_support.c
[10.252s] -- Installing: /workspace/TE3001B_TEAM_3/src/uros_ws/install/micro_ros_msgs/include/micro_ros_msgs/micro_ros_msgs/msg/detail/node__rosidl_typesupport_introspection_c.h
[10.252s] -- Installing: /workspace/TE3001B_TEAM_3/src/uros_ws/install/micro_ros_msgs/include/micro_ros_msgs/micro_ros_msgs/msg/detail/graph__type_support.c
[10.252s] -- Installing: /workspace/TE3001B_TEAM_3/src/uros_ws/install/micro_ros_msgs/lib/libmicro_ros_msgs__rosidl_typesupport_introspection_c.so
[10.252s] -- Set runtime path of "/workspace/TE3001B_TEAM_3/src/uros_ws/install/micro_ros_msgs/lib/libmicro_ros_msgs__rosidl_typesupport_introspection_c.so" to ""
[10.253s] -- Installing: /workspace/TE3001B_TEAM_3/src/uros_ws/install/micro_ros_msgs/lib/libmicro_ros_msgs__rosidl_typesupport_c.so
[10.253s] -- Set runtime path of "/workspace/TE3001B_TEAM_3/src/uros_ws/install/micro_ros_msgs/lib/libmicro_ros_msgs__rosidl_typesupport_c.so" to ""
[10.253s] -- Up-to-date: /workspace/TE3001B_TEAM_3/src/uros_ws/install/micro_ros_msgs/include/micro_ros_msgs/micro_ros_msgs
[10.254s] -- Up-to-date: /workspace/TE3001B_TEAM_3/src/uros_ws/install/micro_ros_msgs/include/micro_ros_msgs/micro_ros_msgs/msg
[10.254s] -- Installing: /workspace/TE3001B_TEAM_3/src/uros_ws/install/micro_ros_msgs/include/micro_ros_msgs/micro_ros_msgs/msg/entity.hpp
[10.254s] -- Installing: /workspace/TE3001B_TEAM_3/src/uros_ws/install/micro_ros_msgs/include/micro_ros_msgs/micro_ros_msgs/msg/graph.hpp
[10.254s] -- Up-to-date: /workspace/TE3001B_TEAM_3/src/uros_ws/install/micro_ros_msgs/include/micro_ros_msgs/micro_ros_msgs/msg/detail
[10.254s] -- Installing: /workspace/TE3001B_TEAM_3/src/uros_ws/install/micro_ros_msgs/include/micro_ros_msgs/micro_ros_msgs/msg/detail/node__traits.hpp
[10.255s] -- Installing: /workspace/TE3001B_TEAM_3/src/uros_ws/install/micro_ros_msgs/include/micro_ros_msgs/micro_ros_msgs/msg/detail/graph__struct.hpp
[10.255s] -- Installing: /workspace/TE3001B_TEAM_3/src/uros_ws/install/micro_ros_msgs/include/micro_ros_msgs/micro_ros_msgs/msg/detail/entity__struct.hpp
[10.255s] -- Installing: /workspace/TE3001B_TEAM_3/src/uros_ws/install/micro_ros_msgs/include/micro_ros_msgs/micro_ros_msgs/msg/detail/entity__type_support.hpp
[10.255s] -- Installing: /workspace/TE3001B_TEAM_3/src/uros_ws/install/micro_ros_msgs/include/micro_ros_msgs/micro_ros_msgs/msg/detail/graph__builder.hpp
[10.256s] -- Installing: /workspace/TE3001B_TEAM_3/src/uros_ws/install/micro_ros_msgs/include/micro_ros_msgs/micro_ros_msgs/msg/detail/node__builder.hpp
[10.256s] -- Installing: /workspace/TE3001B_TEAM_3/src/uros_ws/install/micro_ros_msgs/include/micro_ros_msgs/micro_ros_msgs/msg/detail/graph__type_support.hpp
[10.256s] -- Installing: /workspace/TE3001B_TEAM_3/src/uros_ws/install/micro_ros_msgs/include/micro_ros_msgs/micro_ros_msgs/msg/detail/node__struct.hpp
[10.256s] -- Installing: /workspace/TE3001B_TEAM_3/src/uros_ws/install/micro_ros_msgs/include/micro_ros_msgs/micro_ros_msgs/msg/detail/graph__traits.hpp
[10.257s] -- Installing: /workspace/TE3001B_TEAM_3/src/uros_ws/install/micro_ros_msgs/include/micro_ros_msgs/micro_ros_msgs/msg/detail/node__type_support.hpp
[10.257s] -- Installing: /workspace/TE3001B_TEAM_3/src/uros_ws/install/micro_ros_msgs/include/micro_ros_msgs/micro_ros_msgs/msg/detail/entity__builder.hpp
[10.257s] -- Installing: /workspace/TE3001B_TEAM_3/src/uros_ws/install/micro_ros_msgs/include/micro_ros_msgs/micro_ros_msgs/msg/detail/entity__traits.hpp
[10.257s] -- Installing: /workspace/TE3001B_TEAM_3/src/uros_ws/install/micro_ros_msgs/include/micro_ros_msgs/micro_ros_msgs/msg/node.hpp
[10.257s] -- Installing: /workspace/TE3001B_TEAM_3/src/uros_ws/install/micro_ros_msgs/include/micro_ros_msgs/micro_ros_msgs/msg/rosidl_generator_cpp__visibility_control.hpp
[10.257s] -- Up-to-date: /workspace/TE3001B_TEAM_3/src/uros_ws/install/micro_ros_msgs/include/micro_ros_msgs/micro_ros_msgs
[10.258s] -- Up-to-date: /workspace/TE3001B_TEAM_3/src/uros_ws/install/micro_ros_msgs/include/micro_ros_msgs/micro_ros_msgs/msg
[10.258s] -- Installing: /workspace/TE3001B_TEAM_3/src/uros_ws/install/micro_ros_msgs/include/micro_ros_msgs/micro_ros_msgs/msg/rosidl_typesupport_fastrtps_cpp__visibility_control.h
[10.258s] -- Up-to-date: /workspace/TE3001B_TEAM_3/src/uros_ws/install/micro_ros_msgs/include/micro_ros_msgs/micro_ros_msgs/msg/detail
[10.258s] -- Installing: /workspace/TE3001B_TEAM_3/src/uros_ws/install/micro_ros_msgs/include/micro_ros_msgs/micro_ros_msgs/msg/detail/node__rosidl_typesupport_fastrtps_cpp.hpp
[10.258s] -- Installing: /workspace/TE3001B_TEAM_3/src/uros_ws/install/micro_ros_msgs/include/micro_ros_msgs/micro_ros_msgs/msg/detail/dds_fastrtps
[10.258s] -- Installing: /workspace/TE3001B_TEAM_3/src/uros_ws/install/micro_ros_msgs/include/micro_ros_msgs/micro_ros_msgs/msg/detail/entity__rosidl_typesupport_fastrtps_cpp.hpp
[10.258s] -- Installing: /workspace/TE3001B_TEAM_3/src/uros_ws/install/micro_ros_msgs/include/micro_ros_msgs/micro_ros_msgs/msg/detail/graph__rosidl_typesupport_fastrtps_cpp.hpp
[10.259s] -- Installing: /workspace/TE3001B_TEAM_3/src/uros_ws/install/micro_ros_msgs/lib/libmicro_ros_msgs__rosidl_typesupport_fastrtps_cpp.so
[10.259s] -- Set runtime path of "/workspace/TE3001B_TEAM_3/src/uros_ws/install/micro_ros_msgs/lib/libmicro_ros_msgs__rosidl_typesupport_fastrtps_cpp.so" to ""
[10.259s] -- Up-to-date: /workspace/TE3001B_TEAM_3/src/uros_ws/install/micro_ros_msgs/include/micro_ros_msgs/micro_ros_msgs
[10.259s] -- Up-to-date: /workspace/TE3001B_TEAM_3/src/uros_ws/install/micro_ros_msgs/include/micro_ros_msgs/micro_ros_msgs/msg
[10.259s] -- Up-to-date: /workspace/TE3001B_TEAM_3/src/uros_ws/install/micro_ros_msgs/include/micro_ros_msgs/micro_ros_msgs/msg/detail
[10.259s] -- Installing: /workspace/TE3001B_TEAM_3/src/uros_ws/install/micro_ros_msgs/include/micro_ros_msgs/micro_ros_msgs/msg/detail/graph__type_support.cpp
[10.260s] -- Installing: /workspace/TE3001B_TEAM_3/src/uros_ws/install/micro_ros_msgs/include/micro_ros_msgs/micro_ros_msgs/msg/detail/graph__rosidl_typesupport_introspection_cpp.hpp
[10.260s] -- Installing: /workspace/TE3001B_TEAM_3/src/uros_ws/install/micro_ros_msgs/include/micro_ros_msgs/micro_ros_msgs/msg/detail/entity__rosidl_typesupport_introspection_cpp.hpp
[10.260s] -- Installing: /workspace/TE3001B_TEAM_3/src/uros_ws/install/micro_ros_msgs/include/micro_ros_msgs/micro_ros_msgs/msg/detail/entity__type_support.cpp
[10.260s] -- Installing: /workspace/TE3001B_TEAM_3/src/uros_ws/install/micro_ros_msgs/include/micro_ros_msgs/micro_ros_msgs/msg/detail/node__type_support.cpp
[10.260s] -- Installing: /workspace/TE3001B_TEAM_3/src/uros_ws/install/micro_ros_msgs/include/micro_ros_msgs/micro_ros_msgs/msg/detail/node__rosidl_typesupport_introspection_cpp.hpp
[10.260s] -- Installing: /workspace/TE3001B_TEAM_3/src/uros_ws/install/micro_ros_msgs/lib/libmicro_ros_msgs__rosidl_typesupport_introspection_cpp.so
[10.261s] -- Set runtime path of "/workspace/TE3001B_TEAM_3/src/uros_ws/install/micro_ros_msgs/lib/libmicro_ros_msgs__rosidl_typesupport_introspection_cpp.so" to ""
[10.261s] -- Installing: /workspace/TE3001B_TEAM_3/src/uros_ws/install/micro_ros_msgs/lib/libmicro_ros_msgs__rosidl_typesupport_cpp.so
[10.262s] -- Set runtime path of "/workspace/TE3001B_TEAM_3/src/uros_ws/install/micro_ros_msgs/lib/libmicro_ros_msgs__rosidl_typesupport_cpp.so" to ""
[10.262s] -- Installing: /workspace/TE3001B_TEAM_3/src/uros_ws/install/micro_ros_msgs/share/micro_ros_msgs/environment/pythonpath.sh
[10.262s] -- Installing: /workspace/TE3001B_TEAM_3/src/uros_ws/install/micro_ros_msgs/share/micro_ros_msgs/environment/pythonpath.dsv
[10.263s] -- Installing: /workspace/TE3001B_TEAM_3/src/uros_ws/install/micro_ros_msgs/local/lib/python3.10/dist-packages/micro_ros_msgs-3.0.1-py3.10.egg-info
[10.263s] -- Installing: /workspace/TE3001B_TEAM_3/src/uros_ws/install/micro_ros_msgs/local/lib/python3.10/dist-packages/micro_ros_msgs-3.0.1-py3.10.egg-info/dependency_links.txt
[10.263s] -- Installing: /workspace/TE3001B_TEAM_3/src/uros_ws/install/micro_ros_msgs/local/lib/python3.10/dist-packages/micro_ros_msgs-3.0.1-py3.10.egg-info/top_level.txt
[10.263s] -- Installing: /workspace/TE3001B_TEAM_3/src/uros_ws/install/micro_ros_msgs/local/lib/python3.10/dist-packages/micro_ros_msgs-3.0.1-py3.10.egg-info/PKG-INFO
[10.263s] -- Installing: /workspace/TE3001B_TEAM_3/src/uros_ws/install/micro_ros_msgs/local/lib/python3.10/dist-packages/micro_ros_msgs-3.0.1-py3.10.egg-info/SOURCES.txt
[10.264s] -- Installing: /workspace/TE3001B_TEAM_3/src/uros_ws/install/micro_ros_msgs/local/lib/python3.10/dist-packages/micro_ros_msgs
[10.264s] -- Installing: /workspace/TE3001B_TEAM_3/src/uros_ws/install/micro_ros_msgs/local/lib/python3.10/dist-packages/micro_ros_msgs/msg
[10.264s] -- Installing: /workspace/TE3001B_TEAM_3/src/uros_ws/install/micro_ros_msgs/local/lib/python3.10/dist-packages/micro_ros_msgs/msg/_node_s.c
[10.264s] -- Installing: /workspace/TE3001B_TEAM_3/src/uros_ws/install/micro_ros_msgs/local/lib/python3.10/dist-packages/micro_ros_msgs/msg/_node.py
[10.264s] -- Installing: /workspace/TE3001B_TEAM_3/src/uros_ws/install/micro_ros_msgs/local/lib/python3.10/dist-packages/micro_ros_msgs/msg/__init__.py
[10.265s] -- Installing: /workspace/TE3001B_TEAM_3/src/uros_ws/install/micro_ros_msgs/local/lib/python3.10/dist-packages/micro_ros_msgs/msg/_graph.py
[10.265s] -- Installing: /workspace/TE3001B_TEAM_3/src/uros_ws/install/micro_ros_msgs/local/lib/python3.10/dist-packages/micro_ros_msgs/msg/_entity_s.c
[10.265s] -- Installing: /workspace/TE3001B_TEAM_3/src/uros_ws/install/micro_ros_msgs/local/lib/python3.10/dist-packages/micro_ros_msgs/msg/_entity.py
[10.265s] -- Installing: /workspace/TE3001B_TEAM_3/src/uros_ws/install/micro_ros_msgs/local/lib/python3.10/dist-packages/micro_ros_msgs/msg/_graph_s.c
[10.265s] -- Installing: /workspace/TE3001B_TEAM_3/src/uros_ws/install/micro_ros_msgs/local/lib/python3.10/dist-packages/micro_ros_msgs/_micro_ros_msgs_s.ep.rosidl_typesupport_c.c
[10.266s] -- Installing: /workspace/TE3001B_TEAM_3/src/uros_ws/install/micro_ros_msgs/local/lib/python3.10/dist-packages/micro_ros_msgs/__init__.py
[10.266s] -- Installing: /workspace/TE3001B_TEAM_3/src/uros_ws/install/micro_ros_msgs/local/lib/python3.10/dist-packages/micro_ros_msgs/libmicro_ros_msgs__rosidl_generator_py.so
[10.266s] -- Installing: /workspace/TE3001B_TEAM_3/src/uros_ws/install/micro_ros_msgs/local/lib/python3.10/dist-packages/micro_ros_msgs/micro_ros_msgs_s__rosidl_typesupport_introspection_c.cpython-310-x86_64-linux-gnu.so
[10.266s] -- Installing: /workspace/TE3001B_TEAM_3/src/uros_ws/install/micro_ros_msgs/local/lib/python3.10/dist-packages/micro_ros_msgs/micro_ros_msgs_s__rosidl_typesupport_fastrtps_c.cpython-310-x86_64-linux-gnu.so
[10.266s] -- Installing: /workspace/TE3001B_TEAM_3/src/uros_ws/install/micro_ros_msgs/local/lib/python3.10/dist-packages/micro_ros_msgs/_micro_ros_msgs_s.ep.rosidl_typesupport_introspection_c.c
[10.267s] -- Installing: /workspace/TE3001B_TEAM_3/src/uros_ws/install/micro_ros_msgs/local/lib/python3.10/dist-packages/micro_ros_msgs/micro_ros_msgs_s__rosidl_typesupport_c.cpython-310-x86_64-linux-gnu.so
[10.267s] -- Installing: /workspace/TE3001B_TEAM_3/src/uros_ws/install/micro_ros_msgs/local/lib/python3.10/dist-packages/micro_ros_msgs/_micro_ros_msgs_s.ep.rosidl_typesupport_fastrtps_c.c
[10.316s] Listing '/workspace/TE3001B_TEAM_3/src/uros_ws/install/micro_ros_msgs/local/lib/python3.10/dist-packages/micro_ros_msgs'...
[10.316s] Compiling '/workspace/TE3001B_TEAM_3/src/uros_ws/install/micro_ros_msgs/local/lib/python3.10/dist-packages/micro_ros_msgs/__init__.py'...
[10.317s] Listing '/workspace/TE3001B_TEAM_3/src/uros_ws/install/micro_ros_msgs/local/lib/python3.10/dist-packages/micro_ros_msgs/msg'...
[10.317s] Compiling '/workspace/TE3001B_TEAM_3/src/uros_ws/install/micro_ros_msgs/local/lib/python3.10/dist-packages/micro_ros_msgs/msg/__init__.py'...
[10.317s] Compiling '/workspace/TE3001B_TEAM_3/src/uros_ws/install/micro_ros_msgs/local/lib/python3.10/dist-packages/micro_ros_msgs/msg/_entity.py'...
[10.317s] Compiling '/workspace/TE3001B_TEAM_3/src/uros_ws/install/micro_ros_msgs/local/lib/python3.10/dist-packages/micro_ros_msgs/msg/_graph.py'...
[10.317s] Compiling '/workspace/TE3001B_TEAM_3/src/uros_ws/install/micro_ros_msgs/local/lib/python3.10/dist-packages/micro_ros_msgs/msg/_node.py'...
[10.322s] -- Installing: /workspace/TE3001B_TEAM_3/src/uros_ws/install/micro_ros_msgs/local/lib/python3.10/dist-packages/micro_ros_msgs/micro_ros_msgs_s__rosidl_typesupport_fastrtps_c.cpython-310-x86_64-linux-gnu.so
[10.323s] -- Set runtime path of "/workspace/TE3001B_TEAM_3/src/uros_ws/install/micro_ros_msgs/local/lib/python3.10/dist-packages/micro_ros_msgs/micro_ros_msgs_s__rosidl_typesupport_fastrtps_c.cpython-310-x86_64-linux-gnu.so" to ""
[10.323s] -- Installing: /workspace/TE3001B_TEAM_3/src/uros_ws/install/micro_ros_msgs/local/lib/python3.10/dist-packages/micro_ros_msgs/micro_ros_msgs_s__rosidl_typesupport_introspection_c.cpython-310-x86_64-linux-gnu.so
[10.324s] -- Set runtime path of "/workspace/TE3001B_TEAM_3/src/uros_ws/install/micro_ros_msgs/local/lib/python3.10/dist-packages/micro_ros_msgs/micro_ros_msgs_s__rosidl_typesupport_introspection_c.cpython-310-x86_64-linux-gnu.so" to ""
[10.324s] -- Installing: /workspace/TE3001B_TEAM_3/src/uros_ws/install/micro_ros_msgs/local/lib/python3.10/dist-packages/micro_ros_msgs/micro_ros_msgs_s__rosidl_typesupport_c.cpython-310-x86_64-linux-gnu.so
[10.325s] -- Set runtime path of "/workspace/TE3001B_TEAM_3/src/uros_ws/install/micro_ros_msgs/local/lib/python3.10/dist-packages/micro_ros_msgs/micro_ros_msgs_s__rosidl_typesupport_c.cpython-310-x86_64-linux-gnu.so" to ""
[10.325s] -- Installing: /workspace/TE3001B_TEAM_3/src/uros_ws/install/micro_ros_msgs/lib/libmicro_ros_msgs__rosidl_generator_py.so
[10.326s] -- Set runtime path of "/workspace/TE3001B_TEAM_3/src/uros_ws/install/micro_ros_msgs/lib/libmicro_ros_msgs__rosidl_generator_py.so" to ""
[10.326s] -- Installing: /workspace/TE3001B_TEAM_3/src/uros_ws/install/micro_ros_msgs/share/micro_ros_msgs/msg/Graph.idl
[10.326s] -- Installing: /workspace/TE3001B_TEAM_3/src/uros_ws/install/micro_ros_msgs/share/micro_ros_msgs/msg/Node.idl
[10.326s] -- Installing: /workspace/TE3001B_TEAM_3/src/uros_ws/install/micro_ros_msgs/share/micro_ros_msgs/msg/Entity.idl
[10.327s] -- Installing: /workspace/TE3001B_TEAM_3/src/uros_ws/install/micro_ros_msgs/share/micro_ros_msgs/msg/Graph.msg
[10.327s] -- Installing: /workspace/TE3001B_TEAM_3/src/uros_ws/install/micro_ros_msgs/share/micro_ros_msgs/msg/Node.msg
[10.327s] -- Installing: /workspace/TE3001B_TEAM_3/src/uros_ws/install/micro_ros_msgs/share/micro_ros_msgs/msg/Entity.msg
[10.327s] -- Installing: /workspace/TE3001B_TEAM_3/src/uros_ws/install/micro_ros_msgs/share/ament_index/resource_index/package_run_dependencies/micro_ros_msgs
[10.328s] -- Installing: /workspace/TE3001B_TEAM_3/src/uros_ws/install/micro_ros_msgs/share/ament_index/resource_index/parent_prefix_path/micro_ros_msgs
[10.328s] -- Installing: /workspace/TE3001B_TEAM_3/src/uros_ws/install/micro_ros_msgs/share/micro_ros_msgs/environment/ament_prefix_path.sh
[10.328s] -- Installing: /workspace/TE3001B_TEAM_3/src/uros_ws/install/micro_ros_msgs/share/micro_ros_msgs/environment/ament_prefix_path.dsv
[10.329s] -- Installing: /workspace/TE3001B_TEAM_3/src/uros_ws/install/micro_ros_msgs/share/micro_ros_msgs/environment/path.sh
[10.329s] -- Installing: /workspace/TE3001B_TEAM_3/src/uros_ws/install/micro_ros_msgs/share/micro_ros_msgs/environment/path.dsv
[10.329s] -- Installing: /workspace/TE3001B_TEAM_3/src/uros_ws/install/micro_ros_msgs/share/micro_ros_msgs/local_setup.bash
[10.329s] -- Installing: /workspace/TE3001B_TEAM_3/src/uros_ws/install/micro_ros_msgs/share/micro_ros_msgs/local_setup.sh
[10.330s] -- Installing: /workspace/TE3001B_TEAM_3/src/uros_ws/install/micro_ros_msgs/share/micro_ros_msgs/local_setup.zsh
[10.330s] -- Installing: /workspace/TE3001B_TEAM_3/src/uros_ws/install/micro_ros_msgs/share/micro_ros_msgs/local_setup.dsv
[10.330s] -- Installing: /workspace/TE3001B_TEAM_3/src/uros_ws/install/micro_ros_msgs/share/micro_ros_msgs/package.dsv
[10.330s] -- Installing: /workspace/TE3001B_TEAM_3/src/uros_ws/install/micro_ros_msgs/share/ament_index/resource_index/packages/micro_ros_msgs
[10.331s] -- Installing: /workspace/TE3001B_TEAM_3/src/uros_ws/install/micro_ros_msgs/share/micro_ros_msgs/cmake/export_micro_ros_msgs__rosidl_generator_cExport.cmake
[10.331s] -- Installing: /workspace/TE3001B_TEAM_3/src/uros_ws/install/micro_ros_msgs/share/micro_ros_msgs/cmake/export_micro_ros_msgs__rosidl_generator_cExport-noconfig.cmake
[10.331s] -- Installing: /workspace/TE3001B_TEAM_3/src/uros_ws/install/micro_ros_msgs/share/micro_ros_msgs/cmake/export_micro_ros_msgs__rosidl_typesupport_fastrtps_cExport.cmake
[10.331s] -- Installing: /workspace/TE3001B_TEAM_3/src/uros_ws/install/micro_ros_msgs/share/micro_ros_msgs/cmake/export_micro_ros_msgs__rosidl_typesupport_fastrtps_cExport-noconfig.cmake
[10.332s] -- Installing: /workspace/TE3001B_TEAM_3/src/uros_ws/install/micro_ros_msgs/share/micro_ros_msgs/cmake/micro_ros_msgs__rosidl_typesupport_introspection_cExport.cmake
[10.332s] -- Installing: /workspace/TE3001B_TEAM_3/src/uros_ws/install/micro_ros_msgs/share/micro_ros_msgs/cmake/micro_ros_msgs__rosidl_typesupport_introspection_cExport-noconfig.cmake
[10.332s] -- Installing: /workspace/TE3001B_TEAM_3/src/uros_ws/install/micro_ros_msgs/share/micro_ros_msgs/cmake/micro_ros_msgs__rosidl_typesupport_cExport.cmake
[10.332s] -- Installing: /workspace/TE3001B_TEAM_3/src/uros_ws/install/micro_ros_msgs/share/micro_ros_msgs/cmake/micro_ros_msgs__rosidl_typesupport_cExport-noconfig.cmake
[10.333s] -- Installing: /workspace/TE3001B_TEAM_3/src/uros_ws/install/micro_ros_msgs/share/micro_ros_msgs/cmake/export_micro_ros_msgs__rosidl_generator_cppExport.cmake
[10.333s] -- Installing: /workspace/TE3001B_TEAM_3/src/uros_ws/install/micro_ros_msgs/share/micro_ros_msgs/cmake/export_micro_ros_msgs__rosidl_typesupport_fastrtps_cppExport.cmake
[10.333s] -- Installing: /workspace/TE3001B_TEAM_3/src/uros_ws/install/micro_ros_msgs/share/micro_ros_msgs/cmake/export_micro_ros_msgs__rosidl_typesupport_fastrtps_cppExport-noconfig.cmake
[10.333s] -- Installing: /workspace/TE3001B_TEAM_3/src/uros_ws/install/micro_ros_msgs/share/micro_ros_msgs/cmake/micro_ros_msgs__rosidl_typesupport_introspection_cppExport.cmake
[10.333s] -- Installing: /workspace/TE3001B_TEAM_3/src/uros_ws/install/micro_ros_msgs/share/micro_ros_msgs/cmake/micro_ros_msgs__rosidl_typesupport_introspection_cppExport-noconfig.cmake
[10.334s] -- Installing: /workspace/TE3001B_TEAM_3/src/uros_ws/install/micro_ros_msgs/share/micro_ros_msgs/cmake/micro_ros_msgs__rosidl_typesupport_cppExport.cmake
[10.334s] -- Installing: /workspace/TE3001B_TEAM_3/src/uros_ws/install/micro_ros_msgs/share/micro_ros_msgs/cmake/micro_ros_msgs__rosidl_typesupport_cppExport-noconfig.cmake
[10.334s] -- Installing: /workspace/TE3001B_TEAM_3/src/uros_ws/install/micro_ros_msgs/share/micro_ros_msgs/cmake/export_micro_ros_msgs__rosidl_generator_pyExport.cmake
[10.335s] -- Installing: /workspace/TE3001B_TEAM_3/src/uros_ws/install/micro_ros_msgs/share/micro_ros_msgs/cmake/export_micro_ros_msgs__rosidl_generator_pyExport-noconfig.cmake
[10.335s] -- Installing: /workspace/TE3001B_TEAM_3/src/uros_ws/install/micro_ros_msgs/share/micro_ros_msgs/cmake/rosidl_cmake-extras.cmake
[10.335s] -- Installing: /workspace/TE3001B_TEAM_3/src/uros_ws/install/micro_ros_msgs/share/micro_ros_msgs/cmake/ament_cmake_export_include_directories-extras.cmake
[10.335s] -- Installing: /workspace/TE3001B_TEAM_3/src/uros_ws/install/micro_ros_msgs/share/micro_ros_msgs/cmake/ament_cmake_export_libraries-extras.cmake
[10.336s] -- Installing: /workspace/TE3001B_TEAM_3/src/uros_ws/install/micro_ros_msgs/share/micro_ros_msgs/cmake/ament_cmake_export_targets-extras.cmake
[10.336s] -- Installing: /workspace/TE3001B_TEAM_3/src/uros_ws/install/micro_ros_msgs/share/micro_ros_msgs/cmake/rosidl_cmake_export_typesupport_targets-extras.cmake
[10.336s] -- Installing: /workspace/TE3001B_TEAM_3/src/uros_ws/install/micro_ros_msgs/share/micro_ros_msgs/cmake/ament_cmake_export_dependencies-extras.cmake
[10.336s] -- Installing: /workspace/TE3001B_TEAM_3/src/uros_ws/install/micro_ros_msgs/share/micro_ros_msgs/cmake/rosidl_cmake_export_typesupport_libraries-extras.cmake
[10.337s] -- Installing: /workspace/TE3001B_TEAM_3/src/uros_ws/install/micro_ros_msgs/share/micro_ros_msgs/cmake/micro_ros_msgsConfig.cmake
[10.337s] -- Installing: /workspace/TE3001B_TEAM_3/src/uros_ws/install/micro_ros_msgs/share/micro_ros_msgs/cmake/micro_ros_msgsConfig-version.cmake
[10.337s] -- Installing: /workspace/TE3001B_TEAM_3/src/uros_ws/install/micro_ros_msgs/share/micro_ros_msgs/package.xml
[10.341s] Invoked command in '/workspace/TE3001B_TEAM_3/src/uros_ws/build/micro_ros_msgs' returned '0': CMAKE_PREFIX_PATH=${CMAKE_PREFIX_PATH}:/opt/ros/humble /usr/bin/cmake --install /workspace/TE3001B_TEAM_3/src/uros_ws/build/micro_ros_msgs
