[0.466s] Invoking command in '/home/luxfero/uros_ws/src/motor_control_pkg': PYTHONPATH=/home/luxfero/uros_ws/build/motor_control_pkg/prefix_override:/usr/lib/python3/dist-packages/colcon_core/task/python/colcon_distutils_commands:/home/luxfero/uros_ws/install/motor_control_pkg/lib/python3.10/site-packages:${PYTHONPATH} /usr/bin/python3 -W ignore:setup.py install is deprecated -W ignore:easy_install command is deprecated setup.py egg_info --egg-base ../../build/motor_control_pkg build --build-base /home/luxfero/uros_ws/build/motor_control_pkg/build install --record /home/luxfero/uros_ws/build/motor_control_pkg/install.log --single-version-externally-managed install_data
[0.606s] running egg_info
[0.607s] writing ../../build/motor_control_pkg/motor_control_pkg.egg-info/PKG-INFO
[0.607s] writing dependency_links to ../../build/motor_control_pkg/motor_control_pkg.egg-info/dependency_links.txt
[0.607s] writing entry points to ../../build/motor_control_pkg/motor_control_pkg.egg-info/entry_points.txt
[0.607s] writing requirements to ../../build/motor_control_pkg/motor_control_pkg.egg-info/requires.txt
[0.607s] writing top-level names to ../../build/motor_control_pkg/motor_control_pkg.egg-info/top_level.txt
[0.609s] reading manifest file '../../build/motor_control_pkg/motor_control_pkg.egg-info/SOURCES.txt'
[0.609s] writing manifest file '../../build/motor_control_pkg/motor_control_pkg.egg-info/SOURCES.txt'
[0.609s] running build
[0.609s] running build_py
[0.609s] running install
[0.609s] running install_lib
[0.610s] running install_data
[0.610s] copying config/input_params.yaml -> /home/luxfero/uros_ws/install/motor_control_pkg/share/motor_control_pkg/config
[0.610s] running install_egg_info
[0.611s] removing '/home/luxfero/uros_ws/install/motor_control_pkg/lib/python3.10/site-packages/motor_control_pkg-0.0.0-py3.10.egg-info' (and everything under it)
[0.611s] Copying ../../build/motor_control_pkg/motor_control_pkg.egg-info to /home/luxfero/uros_ws/install/motor_control_pkg/lib/python3.10/site-packages/motor_control_pkg-0.0.0-py3.10.egg-info
[0.612s] running install_scripts
[0.625s] Installing input_node script to /home/luxfero/uros_ws/install/motor_control_pkg/lib/motor_control_pkg
[0.625s] writing list of installed files to '/home/luxfero/uros_ws/build/motor_control_pkg/install.log'
[0.642s] Invoked command in '/home/luxfero/uros_ws/src/motor_control_pkg' returned '0': PYTHONPATH=/home/luxfero/uros_ws/build/motor_control_pkg/prefix_override:/usr/lib/python3/dist-packages/colcon_core/task/python/colcon_distutils_commands:/home/luxfero/uros_ws/install/motor_control_pkg/lib/python3.10/site-packages:${PYTHONPATH} /usr/bin/python3 -W ignore:setup.py install is deprecated -W ignore:easy_install command is deprecated setup.py egg_info --egg-base ../../build/motor_control_pkg build --build-base /home/luxfero/uros_ws/build/motor_control_pkg/build install --record /home/luxfero/uros_ws/build/motor_control_pkg/install.log --single-version-externally-managed install_data
