[0.012s] Invoking command in '/home/luxfero/uros_ws/build/micro_ros_msgs': CMAKE_PREFIX_PATH=${CMAKE_PREFIX_PATH}:/opt/ros/humble:/home/luxfero/uros_ws/install/motor_control_pkg /usr/bin/cmake --build /home/luxfero/uros_ws/build/micro_ros_msgs -- -j12 -l12
[0.045s] [  2%] Built target micro_ros_msgs__cpp
[0.045s] [ 12%] Built target micro_ros_msgs__rosidl_generator_c
[0.052s] [ 12%] Built target ament_cmake_python_copy_micro_ros_msgs
[0.060s] [ 23%] Built target micro_ros_msgs__rosidl_typesupport_cpp
[0.063s] [ 34%] Built target micro_ros_msgs__rosidl_typesupport_introspection_cpp
[0.063s] [ 44%] Built target micro_ros_msgs__rosidl_typesupport_fastrtps_cpp
[0.067s] [ 55%] Built target micro_ros_msgs__rosidl_typesupport_introspection_c
[0.067s] [ 65%] Built target micro_ros_msgs__rosidl_typesupport_c
[0.069s] [ 76%] Built target micro_ros_msgs__rosidl_typesupport_fastrtps_c
[0.083s] [ 76%] Built target micro_ros_msgs
[0.097s] [ 78%] Built target micro_ros_msgs__py
[0.113s] [ 87%] Built target micro_ros_msgs__rosidl_generator_py
[0.129s] [100%] Built target micro_ros_msgs__rosidl_typesupport_introspection_c__pyext
[0.130s] [100%] Built target micro_ros_msgs__rosidl_typesupport_c__pyext
[0.130s] [100%] Built target micro_ros_msgs__rosidl_typesupport_fastrtps_c__pyext
[0.213s] running egg_info
[0.214s] writing micro_ros_msgs.egg-info/PKG-INFO
[0.214s] writing dependency_links to micro_ros_msgs.egg-info/dependency_links.txt
[0.214s] writing top-level names to micro_ros_msgs.egg-info/top_level.txt
[0.216s] reading manifest file 'micro_ros_msgs.egg-info/SOURCES.txt'
[0.216s] writing manifest file 'micro_ros_msgs.egg-info/SOURCES.txt'
[0.237s] [100%] Built target ament_cmake_python_build_micro_ros_msgs_egg
[0.245s] Invoked command in '/home/luxfero/uros_ws/build/micro_ros_msgs' returned '0': CMAKE_PREFIX_PATH=${CMAKE_PREFIX_PATH}:/opt/ros/humble:/home/luxfero/uros_ws/install/motor_control_pkg /usr/bin/cmake --build /home/luxfero/uros_ws/build/micro_ros_msgs -- -j12 -l12
[0.246s] Invoking command in '/home/luxfero/uros_ws/build/micro_ros_msgs': CMAKE_PREFIX_PATH=${CMAKE_PREFIX_PATH}:/opt/ros/humble:/home/luxfero/uros_ws/install/motor_control_pkg /usr/bin/cmake --install /home/luxfero/uros_ws/build/micro_ros_msgs
[0.252s] -- Install configuration: ""
[0.252s] -- Up-to-date: /home/luxfero/uros_ws/install/micro_ros_msgs/share/ament_index/resource_index/rosidl_interfaces/micro_ros_msgs
[0.252s] -- Up-to-date: /home/luxfero/uros_ws/install/micro_ros_msgs/include/micro_ros_msgs/micro_ros_msgs
[0.252s] -- Up-to-date: /home/luxfero/uros_ws/install/micro_ros_msgs/include/micro_ros_msgs/micro_ros_msgs/msg
[0.252s] -- Up-to-date: /home/luxfero/uros_ws/install/micro_ros_msgs/include/micro_ros_msgs/micro_ros_msgs/msg/detail
[0.252s] -- Up-to-date: /home/luxfero/uros_ws/install/micro_ros_msgs/include/micro_ros_msgs/micro_ros_msgs/msg/detail/node__functions.c
[0.252s] -- Up-to-date: /home/luxfero/uros_ws/install/micro_ros_msgs/include/micro_ros_msgs/micro_ros_msgs/msg/detail/graph__functions.h
[0.252s] -- Up-to-date: /home/luxfero/uros_ws/install/micro_ros_msgs/include/micro_ros_msgs/micro_ros_msgs/msg/detail/entity__type_support.h
[0.252s] -- Up-to-date: /home/luxfero/uros_ws/install/micro_ros_msgs/include/micro_ros_msgs/micro_ros_msgs/msg/detail/graph__type_support.h
[0.252s] -- Up-to-date: /home/luxfero/uros_ws/install/micro_ros_msgs/include/micro_ros_msgs/micro_ros_msgs/msg/detail/entity__struct.h
[0.252s] -- Up-to-date: /home/luxfero/uros_ws/install/micro_ros_msgs/include/micro_ros_msgs/micro_ros_msgs/msg/detail/graph__functions.c
[0.252s] -- Up-to-date: /home/luxfero/uros_ws/install/micro_ros_msgs/include/micro_ros_msgs/micro_ros_msgs/msg/detail/node__type_support.h
[0.252s] -- Up-to-date: /home/luxfero/uros_ws/install/micro_ros_msgs/include/micro_ros_msgs/micro_ros_msgs/msg/detail/entity__functions.c
[0.252s] -- Up-to-date: /home/luxfero/uros_ws/install/micro_ros_msgs/include/micro_ros_msgs/micro_ros_msgs/msg/detail/node__functions.h
[0.252s] -- Up-to-date: /home/luxfero/uros_ws/install/micro_ros_msgs/include/micro_ros_msgs/micro_ros_msgs/msg/detail/graph__struct.h
[0.252s] -- Up-to-date: /home/luxfero/uros_ws/install/micro_ros_msgs/include/micro_ros_msgs/micro_ros_msgs/msg/detail/entity__functions.h
[0.252s] -- Up-to-date: /home/luxfero/uros_ws/install/micro_ros_msgs/include/micro_ros_msgs/micro_ros_msgs/msg/detail/node__struct.h
[0.252s] -- Up-to-date: /home/luxfero/uros_ws/install/micro_ros_msgs/include/micro_ros_msgs/micro_ros_msgs/msg/graph.h
[0.252s] -- Up-to-date: /home/luxfero/uros_ws/install/micro_ros_msgs/include/micro_ros_msgs/micro_ros_msgs/msg/rosidl_generator_c__visibility_control.h
[0.252s] -- Up-to-date: /home/luxfero/uros_ws/install/micro_ros_msgs/include/micro_ros_msgs/micro_ros_msgs/msg/entity.h
[0.252s] -- Up-to-date: /home/luxfero/uros_ws/install/micro_ros_msgs/include/micro_ros_msgs/micro_ros_msgs/msg/node.h
[0.253s] -- Up-to-date: /home/luxfero/uros_ws/install/micro_ros_msgs/share/micro_ros_msgs/environment/library_path.sh
[0.253s] -- Up-to-date: /home/luxfero/uros_ws/install/micro_ros_msgs/share/micro_ros_msgs/environment/library_path.dsv
[0.253s] -- Up-to-date: /home/luxfero/uros_ws/install/micro_ros_msgs/lib/libmicro_ros_msgs__rosidl_generator_c.so
[0.253s] -- Up-to-date: /home/luxfero/uros_ws/install/micro_ros_msgs/include/micro_ros_msgs/micro_ros_msgs
[0.253s] -- Up-to-date: /home/luxfero/uros_ws/install/micro_ros_msgs/include/micro_ros_msgs/micro_ros_msgs/msg
[0.253s] -- Up-to-date: /home/luxfero/uros_ws/install/micro_ros_msgs/include/micro_ros_msgs/micro_ros_msgs/msg/rosidl_typesupport_fastrtps_c__visibility_control.h
[0.253s] -- Up-to-date: /home/luxfero/uros_ws/install/micro_ros_msgs/include/micro_ros_msgs/micro_ros_msgs/msg/detail
[0.253s] -- Up-to-date: /home/luxfero/uros_ws/install/micro_ros_msgs/include/micro_ros_msgs/micro_ros_msgs/msg/detail/entity__rosidl_typesupport_fastrtps_c.h
[0.253s] -- Up-to-date: /home/luxfero/uros_ws/install/micro_ros_msgs/include/micro_ros_msgs/micro_ros_msgs/msg/detail/graph__rosidl_typesupport_fastrtps_c.h
[0.253s] -- Up-to-date: /home/luxfero/uros_ws/install/micro_ros_msgs/include/micro_ros_msgs/micro_ros_msgs/msg/detail/node__rosidl_typesupport_fastrtps_c.h
[0.253s] -- Up-to-date: /home/luxfero/uros_ws/install/micro_ros_msgs/lib/libmicro_ros_msgs__rosidl_typesupport_fastrtps_c.so
[0.253s] -- Up-to-date: /home/luxfero/uros_ws/install/micro_ros_msgs/include/micro_ros_msgs/micro_ros_msgs
[0.253s] -- Up-to-date: /home/luxfero/uros_ws/install/micro_ros_msgs/include/micro_ros_msgs/micro_ros_msgs/msg
[0.253s] -- Up-to-date: /home/luxfero/uros_ws/install/micro_ros_msgs/include/micro_ros_msgs/micro_ros_msgs/msg/rosidl_typesupport_introspection_c__visibility_control.h
[0.253s] -- Up-to-date: /home/luxfero/uros_ws/install/micro_ros_msgs/include/micro_ros_msgs/micro_ros_msgs/msg/detail
[0.253s] -- Up-to-date: /home/luxfero/uros_ws/install/micro_ros_msgs/include/micro_ros_msgs/micro_ros_msgs/msg/detail/graph__rosidl_typesupport_introspection_c.h
[0.253s] -- Up-to-date: /home/luxfero/uros_ws/install/micro_ros_msgs/include/micro_ros_msgs/micro_ros_msgs/msg/detail/entity__rosidl_typesupport_introspection_c.h
[0.253s] -- Up-to-date: /home/luxfero/uros_ws/install/micro_ros_msgs/include/micro_ros_msgs/micro_ros_msgs/msg/detail/entity__type_support.c
[0.253s] -- Up-to-date: /home/luxfero/uros_ws/install/micro_ros_msgs/include/micro_ros_msgs/micro_ros_msgs/msg/detail/node__rosidl_typesupport_introspection_c.h
[0.253s] -- Up-to-date: /home/luxfero/uros_ws/install/micro_ros_msgs/include/micro_ros_msgs/micro_ros_msgs/msg/detail/graph__type_support.c
[0.253s] -- Up-to-date: /home/luxfero/uros_ws/install/micro_ros_msgs/include/micro_ros_msgs/micro_ros_msgs/msg/detail/node__type_support.c
[0.253s] -- Up-to-date: /home/luxfero/uros_ws/install/micro_ros_msgs/lib/libmicro_ros_msgs__rosidl_typesupport_introspection_c.so
[0.253s] -- Up-to-date: /home/luxfero/uros_ws/install/micro_ros_msgs/lib/libmicro_ros_msgs__rosidl_typesupport_c.so
[0.253s] -- Up-to-date: /home/luxfero/uros_ws/install/micro_ros_msgs/include/micro_ros_msgs/micro_ros_msgs
[0.253s] -- Up-to-date: /home/luxfero/uros_ws/install/micro_ros_msgs/include/micro_ros_msgs/micro_ros_msgs/msg
[0.254s] -- Up-to-date: /home/luxfero/uros_ws/install/micro_ros_msgs/include/micro_ros_msgs/micro_ros_msgs/msg/rosidl_generator_cpp__visibility_control.hpp
[0.254s] -- Up-to-date: /home/luxfero/uros_ws/install/micro_ros_msgs/include/micro_ros_msgs/micro_ros_msgs/msg/entity.hpp
[0.254s] -- Up-to-date: /home/luxfero/uros_ws/install/micro_ros_msgs/include/micro_ros_msgs/micro_ros_msgs/msg/detail
[0.254s] -- Up-to-date: /home/luxfero/uros_ws/install/micro_ros_msgs/include/micro_ros_msgs/micro_ros_msgs/msg/detail/node__struct.hpp
[0.254s] -- Up-to-date: /home/luxfero/uros_ws/install/micro_ros_msgs/include/micro_ros_msgs/micro_ros_msgs/msg/detail/entity__builder.hpp
[0.254s] -- Up-to-date: /home/luxfero/uros_ws/install/micro_ros_msgs/include/micro_ros_msgs/micro_ros_msgs/msg/detail/graph__builder.hpp
[0.254s] -- Up-to-date: /home/luxfero/uros_ws/install/micro_ros_msgs/include/micro_ros_msgs/micro_ros_msgs/msg/detail/entity__traits.hpp
[0.254s] -- Up-to-date: /home/luxfero/uros_ws/install/micro_ros_msgs/include/micro_ros_msgs/micro_ros_msgs/msg/detail/node__traits.hpp
[0.254s] -- Up-to-date: /home/luxfero/uros_ws/install/micro_ros_msgs/include/micro_ros_msgs/micro_ros_msgs/msg/detail/graph__traits.hpp
[0.254s] -- Up-to-date: /home/luxfero/uros_ws/install/micro_ros_msgs/include/micro_ros_msgs/micro_ros_msgs/msg/detail/graph__struct.hpp
[0.254s] -- Up-to-date: /home/luxfero/uros_ws/install/micro_ros_msgs/include/micro_ros_msgs/micro_ros_msgs/msg/detail/graph__type_support.hpp
[0.254s] -- Up-to-date: /home/luxfero/uros_ws/install/micro_ros_msgs/include/micro_ros_msgs/micro_ros_msgs/msg/detail/node__builder.hpp
[0.254s] -- Up-to-date: /home/luxfero/uros_ws/install/micro_ros_msgs/include/micro_ros_msgs/micro_ros_msgs/msg/detail/node__type_support.hpp
[0.254s] -- Up-to-date: /home/luxfero/uros_ws/install/micro_ros_msgs/include/micro_ros_msgs/micro_ros_msgs/msg/detail/entity__type_support.hpp
[0.254s] -- Up-to-date: /home/luxfero/uros_ws/install/micro_ros_msgs/include/micro_ros_msgs/micro_ros_msgs/msg/detail/entity__struct.hpp
[0.254s] -- Up-to-date: /home/luxfero/uros_ws/install/micro_ros_msgs/include/micro_ros_msgs/micro_ros_msgs/msg/graph.hpp
[0.254s] -- Up-to-date: /home/luxfero/uros_ws/install/micro_ros_msgs/include/micro_ros_msgs/micro_ros_msgs/msg/node.hpp
[0.254s] -- Up-to-date: /home/luxfero/uros_ws/install/micro_ros_msgs/include/micro_ros_msgs/micro_ros_msgs
[0.254s] -- Up-to-date: /home/luxfero/uros_ws/install/micro_ros_msgs/include/micro_ros_msgs/micro_ros_msgs/msg
[0.254s] -- Up-to-date: /home/luxfero/uros_ws/install/micro_ros_msgs/include/micro_ros_msgs/micro_ros_msgs/msg/rosidl_typesupport_fastrtps_cpp__visibility_control.h
[0.254s] -- Up-to-date: /home/luxfero/uros_ws/install/micro_ros_msgs/include/micro_ros_msgs/micro_ros_msgs/msg/detail
[0.254s] -- Up-to-date: /home/luxfero/uros_ws/install/micro_ros_msgs/include/micro_ros_msgs/micro_ros_msgs/msg/detail/node__rosidl_typesupport_fastrtps_cpp.hpp
[0.254s] -- Up-to-date: /home/luxfero/uros_ws/install/micro_ros_msgs/include/micro_ros_msgs/micro_ros_msgs/msg/detail/dds_fastrtps
[0.254s] -- Up-to-date: /home/luxfero/uros_ws/install/micro_ros_msgs/include/micro_ros_msgs/micro_ros_msgs/msg/detail/graph__rosidl_typesupport_fastrtps_cpp.hpp
[0.254s] -- Up-to-date: /home/luxfero/uros_ws/install/micro_ros_msgs/include/micro_ros_msgs/micro_ros_msgs/msg/detail/entity__rosidl_typesupport_fastrtps_cpp.hpp
[0.254s] -- Up-to-date: /home/luxfero/uros_ws/install/micro_ros_msgs/lib/libmicro_ros_msgs__rosidl_typesupport_fastrtps_cpp.so
[0.255s] -- Up-to-date: /home/luxfero/uros_ws/install/micro_ros_msgs/include/micro_ros_msgs/micro_ros_msgs
[0.255s] -- Up-to-date: /home/luxfero/uros_ws/install/micro_ros_msgs/include/micro_ros_msgs/micro_ros_msgs/msg
[0.255s] -- Up-to-date: /home/luxfero/uros_ws/install/micro_ros_msgs/include/micro_ros_msgs/micro_ros_msgs/msg/detail
[0.255s] -- Up-to-date: /home/luxfero/uros_ws/install/micro_ros_msgs/include/micro_ros_msgs/micro_ros_msgs/msg/detail/node__type_support.cpp
[0.255s] -- Up-to-date: /home/luxfero/uros_ws/install/micro_ros_msgs/include/micro_ros_msgs/micro_ros_msgs/msg/detail/entity__type_support.cpp
[0.255s] -- Up-to-date: /home/luxfero/uros_ws/install/micro_ros_msgs/include/micro_ros_msgs/micro_ros_msgs/msg/detail/node__rosidl_typesupport_introspection_cpp.hpp
[0.255s] -- Up-to-date: /home/luxfero/uros_ws/install/micro_ros_msgs/include/micro_ros_msgs/micro_ros_msgs/msg/detail/graph__rosidl_typesupport_introspection_cpp.hpp
[0.255s] -- Up-to-date: /home/luxfero/uros_ws/install/micro_ros_msgs/include/micro_ros_msgs/micro_ros_msgs/msg/detail/graph__type_support.cpp
[0.255s] -- Up-to-date: /home/luxfero/uros_ws/install/micro_ros_msgs/include/micro_ros_msgs/micro_ros_msgs/msg/detail/entity__rosidl_typesupport_introspection_cpp.hpp
[0.255s] -- Up-to-date: /home/luxfero/uros_ws/install/micro_ros_msgs/lib/libmicro_ros_msgs__rosidl_typesupport_introspection_cpp.so
[0.255s] -- Up-to-date: /home/luxfero/uros_ws/install/micro_ros_msgs/lib/libmicro_ros_msgs__rosidl_typesupport_cpp.so
[0.255s] -- Up-to-date: /home/luxfero/uros_ws/install/micro_ros_msgs/share/micro_ros_msgs/environment/pythonpath.sh
[0.255s] -- Up-to-date: /home/luxfero/uros_ws/install/micro_ros_msgs/share/micro_ros_msgs/environment/pythonpath.dsv
[0.255s] -- Up-to-date: /home/luxfero/uros_ws/install/micro_ros_msgs/local/lib/python3.10/dist-packages/micro_ros_msgs-3.0.1-py3.10.egg-info
[0.255s] -- Installing: /home/luxfero/uros_ws/install/micro_ros_msgs/local/lib/python3.10/dist-packages/micro_ros_msgs-3.0.1-py3.10.egg-info/PKG-INFO
[0.255s] -- Installing: /home/luxfero/uros_ws/install/micro_ros_msgs/local/lib/python3.10/dist-packages/micro_ros_msgs-3.0.1-py3.10.egg-info/SOURCES.txt
[0.255s] -- Installing: /home/luxfero/uros_ws/install/micro_ros_msgs/local/lib/python3.10/dist-packages/micro_ros_msgs-3.0.1-py3.10.egg-info/dependency_links.txt
[0.255s] -- Installing: /home/luxfero/uros_ws/install/micro_ros_msgs/local/lib/python3.10/dist-packages/micro_ros_msgs-3.0.1-py3.10.egg-info/top_level.txt
[0.255s] -- Up-to-date: /home/luxfero/uros_ws/install/micro_ros_msgs/local/lib/python3.10/dist-packages/micro_ros_msgs
[0.255s] -- Up-to-date: /home/luxfero/uros_ws/install/micro_ros_msgs/local/lib/python3.10/dist-packages/micro_ros_msgs/msg
[0.255s] -- Up-to-date: /home/luxfero/uros_ws/install/micro_ros_msgs/local/lib/python3.10/dist-packages/micro_ros_msgs/msg/_node.py
[0.255s] -- Up-to-date: /home/luxfero/uros_ws/install/micro_ros_msgs/local/lib/python3.10/dist-packages/micro_ros_msgs/msg/_graph_s.c
[0.255s] -- Up-to-date: /home/luxfero/uros_ws/install/micro_ros_msgs/local/lib/python3.10/dist-packages/micro_ros_msgs/msg/_entity_s.c
[0.255s] -- Up-to-date: /home/luxfero/uros_ws/install/micro_ros_msgs/local/lib/python3.10/dist-packages/micro_ros_msgs/msg/_entity.py
[0.255s] -- Up-to-date: /home/luxfero/uros_ws/install/micro_ros_msgs/local/lib/python3.10/dist-packages/micro_ros_msgs/msg/_node_s.c
[0.255s] -- Up-to-date: /home/luxfero/uros_ws/install/micro_ros_msgs/local/lib/python3.10/dist-packages/micro_ros_msgs/msg/_graph.py
[0.255s] -- Up-to-date: /home/luxfero/uros_ws/install/micro_ros_msgs/local/lib/python3.10/dist-packages/micro_ros_msgs/msg/__init__.py
[0.255s] -- Up-to-date: /home/luxfero/uros_ws/install/micro_ros_msgs/local/lib/python3.10/dist-packages/micro_ros_msgs/_micro_ros_msgs_s.ep.rosidl_typesupport_c.c
[0.255s] -- Up-to-date: /home/luxfero/uros_ws/install/micro_ros_msgs/local/lib/python3.10/dist-packages/micro_ros_msgs/_micro_ros_msgs_s.ep.rosidl_typesupport_fastrtps_c.c
[0.256s] -- Up-to-date: /home/luxfero/uros_ws/install/micro_ros_msgs/local/lib/python3.10/dist-packages/micro_ros_msgs/libmicro_ros_msgs__rosidl_generator_py.so
[0.256s] -- Up-to-date: /home/luxfero/uros_ws/install/micro_ros_msgs/local/lib/python3.10/dist-packages/micro_ros_msgs/micro_ros_msgs_s__rosidl_typesupport_fastrtps_c.cpython-310-x86_64-linux-gnu.so
[0.256s] -- Up-to-date: /home/luxfero/uros_ws/install/micro_ros_msgs/local/lib/python3.10/dist-packages/micro_ros_msgs/_micro_ros_msgs_s.ep.rosidl_typesupport_introspection_c.c
[0.256s] -- Up-to-date: /home/luxfero/uros_ws/install/micro_ros_msgs/local/lib/python3.10/dist-packages/micro_ros_msgs/__init__.py
[0.256s] -- Up-to-date: /home/luxfero/uros_ws/install/micro_ros_msgs/local/lib/python3.10/dist-packages/micro_ros_msgs/micro_ros_msgs_s__rosidl_typesupport_c.cpython-310-x86_64-linux-gnu.so
[0.256s] -- Up-to-date: /home/luxfero/uros_ws/install/micro_ros_msgs/local/lib/python3.10/dist-packages/micro_ros_msgs/micro_ros_msgs_s__rosidl_typesupport_introspection_c.cpython-310-x86_64-linux-gnu.so
[0.276s] Listing '/home/luxfero/uros_ws/install/micro_ros_msgs/local/lib/python3.10/dist-packages/micro_ros_msgs'...
[0.276s] Listing '/home/luxfero/uros_ws/install/micro_ros_msgs/local/lib/python3.10/dist-packages/micro_ros_msgs/msg'...
[0.279s] -- Up-to-date: /home/luxfero/uros_ws/install/micro_ros_msgs/local/lib/python3.10/dist-packages/micro_ros_msgs/micro_ros_msgs_s__rosidl_typesupport_fastrtps_c.cpython-310-x86_64-linux-gnu.so
[0.279s] -- Up-to-date: /home/luxfero/uros_ws/install/micro_ros_msgs/local/lib/python3.10/dist-packages/micro_ros_msgs/micro_ros_msgs_s__rosidl_typesupport_introspection_c.cpython-310-x86_64-linux-gnu.so
[0.279s] -- Up-to-date: /home/luxfero/uros_ws/install/micro_ros_msgs/local/lib/python3.10/dist-packages/micro_ros_msgs/micro_ros_msgs_s__rosidl_typesupport_c.cpython-310-x86_64-linux-gnu.so
[0.279s] -- Up-to-date: /home/luxfero/uros_ws/install/micro_ros_msgs/lib/libmicro_ros_msgs__rosidl_generator_py.so
[0.279s] -- Up-to-date: /home/luxfero/uros_ws/install/micro_ros_msgs/share/micro_ros_msgs/msg/Graph.idl
[0.279s] -- Up-to-date: /home/luxfero/uros_ws/install/micro_ros_msgs/share/micro_ros_msgs/msg/Node.idl
[0.279s] -- Up-to-date: /home/luxfero/uros_ws/install/micro_ros_msgs/share/micro_ros_msgs/msg/Entity.idl
[0.279s] -- Up-to-date: /home/luxfero/uros_ws/install/micro_ros_msgs/share/micro_ros_msgs/msg/Graph.msg
[0.280s] -- Up-to-date: /home/luxfero/uros_ws/install/micro_ros_msgs/share/micro_ros_msgs/msg/Node.msg
[0.280s] -- Up-to-date: /home/luxfero/uros_ws/install/micro_ros_msgs/share/micro_ros_msgs/msg/Entity.msg
[0.280s] -- Up-to-date: /home/luxfero/uros_ws/install/micro_ros_msgs/share/ament_index/resource_index/package_run_dependencies/micro_ros_msgs
[0.280s] -- Up-to-date: /home/luxfero/uros_ws/install/micro_ros_msgs/share/ament_index/resource_index/parent_prefix_path/micro_ros_msgs
[0.280s] -- Up-to-date: /home/luxfero/uros_ws/install/micro_ros_msgs/share/micro_ros_msgs/environment/ament_prefix_path.sh
[0.280s] -- Up-to-date: /home/luxfero/uros_ws/install/micro_ros_msgs/share/micro_ros_msgs/environment/ament_prefix_path.dsv
[0.280s] -- Up-to-date: /home/luxfero/uros_ws/install/micro_ros_msgs/share/micro_ros_msgs/environment/path.sh
[0.280s] -- Up-to-date: /home/luxfero/uros_ws/install/micro_ros_msgs/share/micro_ros_msgs/environment/path.dsv
[0.280s] -- Up-to-date: /home/luxfero/uros_ws/install/micro_ros_msgs/share/micro_ros_msgs/local_setup.bash
[0.280s] -- Up-to-date: /home/luxfero/uros_ws/install/micro_ros_msgs/share/micro_ros_msgs/local_setup.sh
[0.280s] -- Up-to-date: /home/luxfero/uros_ws/install/micro_ros_msgs/share/micro_ros_msgs/local_setup.zsh
[0.280s] -- Up-to-date: /home/luxfero/uros_ws/install/micro_ros_msgs/share/micro_ros_msgs/local_setup.dsv
[0.280s] -- Installing: /home/luxfero/uros_ws/install/micro_ros_msgs/share/micro_ros_msgs/package.dsv
[0.280s] -- Up-to-date: /home/luxfero/uros_ws/install/micro_ros_msgs/share/ament_index/resource_index/packages/micro_ros_msgs
[0.280s] -- Up-to-date: /home/luxfero/uros_ws/install/micro_ros_msgs/share/micro_ros_msgs/cmake/export_micro_ros_msgs__rosidl_generator_cExport.cmake
[0.280s] -- Up-to-date: /home/luxfero/uros_ws/install/micro_ros_msgs/share/micro_ros_msgs/cmake/export_micro_ros_msgs__rosidl_generator_cExport-noconfig.cmake
[0.280s] -- Up-to-date: /home/luxfero/uros_ws/install/micro_ros_msgs/share/micro_ros_msgs/cmake/export_micro_ros_msgs__rosidl_typesupport_fastrtps_cExport.cmake
[0.280s] -- Up-to-date: /home/luxfero/uros_ws/install/micro_ros_msgs/share/micro_ros_msgs/cmake/export_micro_ros_msgs__rosidl_typesupport_fastrtps_cExport-noconfig.cmake
[0.280s] -- Up-to-date: /home/luxfero/uros_ws/install/micro_ros_msgs/share/micro_ros_msgs/cmake/micro_ros_msgs__rosidl_typesupport_introspection_cExport.cmake
[0.280s] -- Up-to-date: /home/luxfero/uros_ws/install/micro_ros_msgs/share/micro_ros_msgs/cmake/micro_ros_msgs__rosidl_typesupport_introspection_cExport-noconfig.cmake
[0.280s] -- Up-to-date: /home/luxfero/uros_ws/install/micro_ros_msgs/share/micro_ros_msgs/cmake/micro_ros_msgs__rosidl_typesupport_cExport.cmake
[0.280s] -- Up-to-date: /home/luxfero/uros_ws/install/micro_ros_msgs/share/micro_ros_msgs/cmake/micro_ros_msgs__rosidl_typesupport_cExport-noconfig.cmake
[0.280s] -- Up-to-date: /home/luxfero/uros_ws/install/micro_ros_msgs/share/micro_ros_msgs/cmake/export_micro_ros_msgs__rosidl_generator_cppExport.cmake
[0.280s] -- Up-to-date: /home/luxfero/uros_ws/install/micro_ros_msgs/share/micro_ros_msgs/cmake/export_micro_ros_msgs__rosidl_typesupport_fastrtps_cppExport.cmake
[0.280s] -- Up-to-date: /home/luxfero/uros_ws/install/micro_ros_msgs/share/micro_ros_msgs/cmake/export_micro_ros_msgs__rosidl_typesupport_fastrtps_cppExport-noconfig.cmake
[0.281s] -- Up-to-date: /home/luxfero/uros_ws/install/micro_ros_msgs/share/micro_ros_msgs/cmake/micro_ros_msgs__rosidl_typesupport_introspection_cppExport.cmake
[0.281s] -- Up-to-date: /home/luxfero/uros_ws/install/micro_ros_msgs/share/micro_ros_msgs/cmake/micro_ros_msgs__rosidl_typesupport_introspection_cppExport-noconfig.cmake
[0.281s] -- Up-to-date: /home/luxfero/uros_ws/install/micro_ros_msgs/share/micro_ros_msgs/cmake/micro_ros_msgs__rosidl_typesupport_cppExport.cmake
[0.281s] -- Up-to-date: /home/luxfero/uros_ws/install/micro_ros_msgs/share/micro_ros_msgs/cmake/micro_ros_msgs__rosidl_typesupport_cppExport-noconfig.cmake
[0.281s] -- Up-to-date: /home/luxfero/uros_ws/install/micro_ros_msgs/share/micro_ros_msgs/cmake/export_micro_ros_msgs__rosidl_generator_pyExport.cmake
[0.281s] -- Up-to-date: /home/luxfero/uros_ws/install/micro_ros_msgs/share/micro_ros_msgs/cmake/export_micro_ros_msgs__rosidl_generator_pyExport-noconfig.cmake
[0.281s] -- Up-to-date: /home/luxfero/uros_ws/install/micro_ros_msgs/share/micro_ros_msgs/cmake/rosidl_cmake-extras.cmake
[0.281s] -- Up-to-date: /home/luxfero/uros_ws/install/micro_ros_msgs/share/micro_ros_msgs/cmake/ament_cmake_export_include_directories-extras.cmake
[0.281s] -- Up-to-date: /home/luxfero/uros_ws/install/micro_ros_msgs/share/micro_ros_msgs/cmake/ament_cmake_export_libraries-extras.cmake
[0.281s] -- Up-to-date: /home/luxfero/uros_ws/install/micro_ros_msgs/share/micro_ros_msgs/cmake/ament_cmake_export_targets-extras.cmake
[0.281s] -- Up-to-date: /home/luxfero/uros_ws/install/micro_ros_msgs/share/micro_ros_msgs/cmake/rosidl_cmake_export_typesupport_targets-extras.cmake
[0.281s] -- Up-to-date: /home/luxfero/uros_ws/install/micro_ros_msgs/share/micro_ros_msgs/cmake/ament_cmake_export_dependencies-extras.cmake
[0.281s] -- Up-to-date: /home/luxfero/uros_ws/install/micro_ros_msgs/share/micro_ros_msgs/cmake/rosidl_cmake_export_typesupport_libraries-extras.cmake
[0.281s] -- Up-to-date: /home/luxfero/uros_ws/install/micro_ros_msgs/share/micro_ros_msgs/cmake/micro_ros_msgsConfig.cmake
[0.281s] -- Up-to-date: /home/luxfero/uros_ws/install/micro_ros_msgs/share/micro_ros_msgs/cmake/micro_ros_msgsConfig-version.cmake
[0.281s] -- Up-to-date: /home/luxfero/uros_ws/install/micro_ros_msgs/share/micro_ros_msgs/package.xml
[0.283s] Invoked command in '/home/luxfero/uros_ws/build/micro_ros_msgs' returned '0': CMAKE_PREFIX_PATH=${CMAKE_PREFIX_PATH}:/opt/ros/humble:/home/luxfero/uros_ws/install/motor_control_pkg /usr/bin/cmake --install /home/luxfero/uros_ws/build/micro_ros_msgs
