[0.433s] Invoking command in '/home/luxfero/uros_ws/src/motor_control_pkg': PYTHONPATH=/home/luxfero/uros_ws/build/motor_control_pkg/prefix_override:/usr/lib/python3/dist-packages/colcon_core/task/python/colcon_distutils_commands:/home/luxfero/uros_ws/install/motor_control_pkg/lib/python3.10/site-packages:${PYTHONPATH} /usr/bin/python3 -W ignore:setup.py install is deprecated -W ignore:easy_install command is deprecated setup.py egg_info --egg-base ../../build/motor_control_pkg build --build-base /home/luxfero/uros_ws/build/motor_control_pkg/build install --record /home/luxfero/uros_ws/build/motor_control_pkg/install.log --single-version-externally-managed install_data
[0.573s] running egg_info
[0.573s] writing ../../build/motor_control_pkg/motor_control_pkg.egg-info/PKG-INFO
[0.574s] writing dependency_links to ../../build/motor_control_pkg/motor_control_pkg.egg-info/dependency_links.txt
[0.574s] writing entry points to ../../build/motor_control_pkg/motor_control_pkg.egg-info/entry_points.txt
[0.574s] writing requirements to ../../build/motor_control_pkg/motor_control_pkg.egg-info/requires.txt
[0.574s] writing top-level names to ../../build/motor_control_pkg/motor_control_pkg.egg-info/top_level.txt
[0.575s] reading manifest file '../../build/motor_control_pkg/motor_control_pkg.egg-info/SOURCES.txt'
[0.575s] writing manifest file '../../build/motor_control_pkg/motor_control_pkg.egg-info/SOURCES.txt'
[0.575s] running build
[0.575s] running build_py
[0.575s] running install
[0.575s] running install_lib
[0.576s] running install_data
[0.576s] running install_egg_info
[0.578s] removing '/home/luxfero/uros_ws/install/motor_control_pkg/lib/python3.10/site-packages/motor_control_pkg-0.0.0-py3.10.egg-info' (and everything under it)
[0.578s] Copying ../../build/motor_control_pkg/motor_control_pkg.egg-info to /home/luxfero/uros_ws/install/motor_control_pkg/lib/python3.10/site-packages/motor_control_pkg-0.0.0-py3.10.egg-info
[0.578s] running install_scripts
[0.591s] Installing input_node script to /home/luxfero/uros_ws/install/motor_control_pkg/lib/motor_control_pkg
[0.591s] writing list of installed files to '/home/luxfero/uros_ws/build/motor_control_pkg/install.log'
[0.607s] Invoked command in '/home/luxfero/uros_ws/src/motor_control_pkg' returned '0': PYTHONPATH=/home/luxfero/uros_ws/build/motor_control_pkg/prefix_override:/usr/lib/python3/dist-packages/colcon_core/task/python/colcon_distutils_commands:/home/luxfero/uros_ws/install/motor_control_pkg/lib/python3.10/site-packages:${PYTHONPATH} /usr/bin/python3 -W ignore:setup.py install is deprecated -W ignore:easy_install command is deprecated setup.py egg_info --egg-base ../../build/motor_control_pkg build --build-base /home/luxfero/uros_ws/build/motor_control_pkg/build install --record /home/luxfero/uros_ws/build/motor_control_pkg/install.log --single-version-externally-managed install_data
