[0.144s] DEBUG:colcon:Command line arguments: ['/usr/bin/colcon', 'build', '--packages-up-to', 'micro_ros_agent', '--cmake-args', '-DUAGENT_BUILD_EXECUTABLE=OFF', '-DUAGENT_P2P_PROFILE=OFF', '--no-warn-unused-cli']
[0.144s] DEBUG:colcon:Parsed command line arguments: Namespace(log_base=None, log_level=None, verb_name='build', build_base='build', install_base='install', merge_install=False, symlink_install=False, test_result_base=None, continue_on_error=False, executor='parallel', parallel_workers=4, event_handlers=None, ignore_user_meta=False, metas=['./colcon.meta'], base_paths=['.'], packages_ignore=None, packages_ignore_regex=None, paths=None, packages_up_to=['micro_ros_agent'], packages_up_to_regex=None, packages_above=None, packages_above_and_dependencies=None, packages_above_depth=None, packages_select_by_dep=None, packages_skip_by_dep=None, packages_skip_up_to=None, packages_select_build_failed=False, packages_skip_build_finished=False, packages_select_test_failures=False, packages_skip_test_passed=False, packages_select=None, packages_skip=None, packages_select_regex=None, packages_skip_regex=None, packages_start=None, packages_end=None, allow_overriding=[], cmake_args=['-DUAGENT_BUILD_EXECUTABLE=OFF', '-DUAGENT_P2P_PROFILE=OFF', '--no-warn-unused-cli'], cmake_target=None, cmake_target_skip_unavailable=False, cmake_clean_cache=False, cmake_clean_first=False, cmake_force_configure=False, ament_cmake_args=None, catkin_cmake_args=None, catkin_skip_building_tests=False, mixin_files=None, mixin=None, verb_parser=<colcon_mixin.mixin.mixin_argument.MixinArgumentDecorator object at 0x7f7e94a94fa0>, verb_extension=<colcon_core.verb.build.BuildVerb object at 0x7f7e94a94a90>, main=<bound method BuildVerb.main of <colcon_core.verb.build.BuildVerb object at 0x7f7e94a94a90>>, mixin_verb=('build',))
[0.356s] Level 1:colcon.colcon_core.package_discovery:discover_packages(colcon_meta) check parameters
[0.356s] Level 1:colcon.colcon_core.package_discovery:discover_packages(recursive) check parameters
[0.356s] Level 1:colcon.colcon_core.package_discovery:discover_packages(ignore) check parameters
[0.356s] Level 1:colcon.colcon_core.package_discovery:discover_packages(path) check parameters
[0.356s] Level 1:colcon.colcon_core.package_discovery:discover_packages(colcon_meta) discover
[0.356s] Level 1:colcon.colcon_core.package_discovery:discover_packages(recursive) discover
[0.356s] INFO:colcon.colcon_core.package_discovery:Crawling recursively for packages in '/workspace/TE3001B_TEAM_3/src/uros_ws'
[0.356s] Level 1:colcon.colcon_core.package_identification:_identify(.) by extensions ['ignore', 'ignore_ament_install']
[0.356s] Level 1:colcon.colcon_core.package_identification:_identify(.) by extension 'ignore'
[0.356s] Level 1:colcon.colcon_core.package_identification:_identify(.) by extension 'ignore_ament_install'
[0.357s] Level 1:colcon.colcon_core.package_identification:_identify(.) by extensions ['colcon_pkg']
[0.357s] Level 1:colcon.colcon_core.package_identification:_identify(.) by extension 'colcon_pkg'
[0.357s] Level 1:colcon.colcon_core.package_identification:_identify(.) by extensions ['colcon_meta']
[0.357s] Level 1:colcon.colcon_core.package_identification:_identify(.) by extension 'colcon_meta'
[0.357s] Level 1:colcon.colcon_core.package_identification:_identify(.) by extensions ['ros']
[0.357s] Level 1:colcon.colcon_core.package_identification:_identify(.) by extension 'ros'
[0.370s] Level 1:colcon.colcon_core.package_identification:_identify(.) by extensions ['cmake', 'python']
[0.370s] Level 1:colcon.colcon_core.package_identification:_identify(.) by extension 'cmake'
[0.370s] Level 1:colcon.colcon_core.package_identification:_identify(.) by extension 'python'
[0.370s] Level 1:colcon.colcon_core.package_identification:_identify(.) by extensions ['python_setup_py']
[0.370s] Level 1:colcon.colcon_core.package_identification:_identify(.) by extension 'python_setup_py'
[0.370s] Level 1:colcon.colcon_core.package_identification:_identify(build) by extensions ['ignore', 'ignore_ament_install']
[0.370s] Level 1:colcon.colcon_core.package_identification:_identify(build) by extension 'ignore'
[0.370s] Level 1:colcon.colcon_core.package_identification:_identify(build) ignored
[0.371s] Level 1:colcon.colcon_core.package_identification:_identify(install) by extensions ['ignore', 'ignore_ament_install']
[0.371s] Level 1:colcon.colcon_core.package_identification:_identify(install) by extension 'ignore'
[0.371s] Level 1:colcon.colcon_core.package_identification:_identify(install) ignored
[0.371s] Level 1:colcon.colcon_core.package_identification:_identify(log) by extensions ['ignore', 'ignore_ament_install']
[0.371s] Level 1:colcon.colcon_core.package_identification:_identify(log) by extension 'ignore'
[0.371s] Level 1:colcon.colcon_core.package_identification:_identify(log) ignored
[0.371s] Level 1:colcon.colcon_core.package_identification:_identify(src) by extensions ['ignore', 'ignore_ament_install']
[0.372s] Level 1:colcon.colcon_core.package_identification:_identify(src) by extension 'ignore'
[0.372s] Level 1:colcon.colcon_core.package_identification:_identify(src) by extension 'ignore_ament_install'
[0.372s] Level 1:colcon.colcon_core.package_identification:_identify(src) by extensions ['colcon_pkg']
[0.372s] Level 1:colcon.colcon_core.package_identification:_identify(src) by extension 'colcon_pkg'
[0.372s] Level 1:colcon.colcon_core.package_identification:_identify(src) by extensions ['colcon_meta']
[0.372s] Level 1:colcon.colcon_core.package_identification:_identify(src) by extension 'colcon_meta'
[0.372s] Level 1:colcon.colcon_core.package_identification:_identify(src) by extensions ['ros']
[0.372s] Level 1:colcon.colcon_core.package_identification:_identify(src) by extension 'ros'
[0.372s] Level 1:colcon.colcon_core.package_identification:_identify(src) by extensions ['cmake', 'python']
[0.372s] Level 1:colcon.colcon_core.package_identification:_identify(src) by extension 'cmake'
[0.372s] Level 1:colcon.colcon_core.package_identification:_identify(src) by extension 'python'
[0.373s] Level 1:colcon.colcon_core.package_identification:_identify(src) by extensions ['python_setup_py']
[0.373s] Level 1:colcon.colcon_core.package_identification:_identify(src) by extension 'python_setup_py'
[0.373s] Level 1:colcon.colcon_core.package_identification:_identify(src/micro_ros_setup) by extensions ['ignore', 'ignore_ament_install']
[0.373s] Level 1:colcon.colcon_core.package_identification:_identify(src/micro_ros_setup) by extension 'ignore'
[0.373s] Level 1:colcon.colcon_core.package_identification:_identify(src/micro_ros_setup) by extension 'ignore_ament_install'
[0.373s] Level 1:colcon.colcon_core.package_identification:_identify(src/micro_ros_setup) by extensions ['colcon_pkg']
[0.373s] Level 1:colcon.colcon_core.package_identification:_identify(src/micro_ros_setup) by extension 'colcon_pkg'
[0.373s] Level 1:colcon.colcon_core.package_identification:_identify(src/micro_ros_setup) by extensions ['colcon_meta']
[0.373s] Level 1:colcon.colcon_core.package_identification:_identify(src/micro_ros_setup) by extension 'colcon_meta'
[0.373s] Level 1:colcon.colcon_core.package_identification:_identify(src/micro_ros_setup) by extensions ['ros']
[0.374s] Level 1:colcon.colcon_core.package_identification:_identify(src/micro_ros_setup) by extension 'ros'
[0.377s] DEBUG:colcon.colcon_core.package_identification:Package 'src/micro_ros_setup' with type 'ros.ament_cmake' and name 'micro_ros_setup'
[0.377s] Level 1:colcon.colcon_core.package_identification:_identify(src/uros) by extensions ['ignore', 'ignore_ament_install']
[0.377s] Level 1:colcon.colcon_core.package_identification:_identify(src/uros) by extension 'ignore'
[0.378s] Level 1:colcon.colcon_core.package_identification:_identify(src/uros) by extension 'ignore_ament_install'
[0.378s] Level 1:colcon.colcon_core.package_identification:_identify(src/uros) by extensions ['colcon_pkg']
[0.378s] Level 1:colcon.colcon_core.package_identification:_identify(src/uros) by extension 'colcon_pkg'
[0.378s] Level 1:colcon.colcon_core.package_identification:_identify(src/uros) by extensions ['colcon_meta']
[0.378s] Level 1:colcon.colcon_core.package_identification:_identify(src/uros) by extension 'colcon_meta'
[0.378s] Level 1:colcon.colcon_core.package_identification:_identify(src/uros) by extensions ['ros']
[0.378s] Level 1:colcon.colcon_core.package_identification:_identify(src/uros) by extension 'ros'
[0.378s] Level 1:colcon.colcon_core.package_identification:_identify(src/uros) by extensions ['cmake', 'python']
[0.378s] Level 1:colcon.colcon_core.package_identification:_identify(src/uros) by extension 'cmake'
[0.378s] Level 1:colcon.colcon_core.package_identification:_identify(src/uros) by extension 'python'
[0.378s] Level 1:colcon.colcon_core.package_identification:_identify(src/uros) by extensions ['python_setup_py']
[0.379s] Level 1:colcon.colcon_core.package_identification:_identify(src/uros) by extension 'python_setup_py'
[0.379s] Level 1:colcon.colcon_core.package_identification:_identify(src/uros/micro-ROS-Agent) by extensions ['ignore', 'ignore_ament_install']
[0.379s] Level 1:colcon.colcon_core.package_identification:_identify(src/uros/micro-ROS-Agent) by extension 'ignore'
[0.379s] Level 1:colcon.colcon_core.package_identification:_identify(src/uros/micro-ROS-Agent) by extension 'ignore_ament_install'
[0.379s] Level 1:colcon.colcon_core.package_identification:_identify(src/uros/micro-ROS-Agent) by extensions ['colcon_pkg']
[0.379s] Level 1:colcon.colcon_core.package_identification:_identify(src/uros/micro-ROS-Agent) by extension 'colcon_pkg'
[0.379s] Level 1:colcon.colcon_core.package_identification:_identify(src/uros/micro-ROS-Agent) by extensions ['colcon_meta']
[0.379s] Level 1:colcon.colcon_core.package_identification:_identify(src/uros/micro-ROS-Agent) by extension 'colcon_meta'
[0.379s] Level 1:colcon.colcon_core.package_identification:_identify(src/uros/micro-ROS-Agent) by extensions ['ros']
[0.380s] Level 1:colcon.colcon_core.package_identification:_identify(src/uros/micro-ROS-Agent) by extension 'ros'
[0.380s] Level 1:colcon.colcon_core.package_identification:_identify(src/uros/micro-ROS-Agent) by extensions ['cmake', 'python']
[0.380s] Level 1:colcon.colcon_core.package_identification:_identify(src/uros/micro-ROS-Agent) by extension 'cmake'
[0.380s] Level 1:colcon.colcon_core.package_identification:_identify(src/uros/micro-ROS-Agent) by extension 'python'
[0.380s] Level 1:colcon.colcon_core.package_identification:_identify(src/uros/micro-ROS-Agent) by extensions ['python_setup_py']
[0.380s] Level 1:colcon.colcon_core.package_identification:_identify(src/uros/micro-ROS-Agent) by extension 'python_setup_py'
[0.380s] Level 1:colcon.colcon_core.package_identification:_identify(src/uros/micro-ROS-Agent/micro_ros_agent) by extensions ['ignore', 'ignore_ament_install']
[0.380s] Level 1:colcon.colcon_core.package_identification:_identify(src/uros/micro-ROS-Agent/micro_ros_agent) by extension 'ignore'
[0.380s] Level 1:colcon.colcon_core.package_identification:_identify(src/uros/micro-ROS-Agent/micro_ros_agent) by extension 'ignore_ament_install'
[0.381s] Level 1:colcon.colcon_core.package_identification:_identify(src/uros/micro-ROS-Agent/micro_ros_agent) by extensions ['colcon_pkg']
[0.381s] Level 1:colcon.colcon_core.package_identification:_identify(src/uros/micro-ROS-Agent/micro_ros_agent) by extension 'colcon_pkg'
[0.381s] Level 1:colcon.colcon_core.package_identification:_identify(src/uros/micro-ROS-Agent/micro_ros_agent) by extensions ['colcon_meta']
[0.381s] Level 1:colcon.colcon_core.package_identification:_identify(src/uros/micro-ROS-Agent/micro_ros_agent) by extension 'colcon_meta'
[0.381s] Level 1:colcon.colcon_core.package_identification:_identify(src/uros/micro-ROS-Agent/micro_ros_agent) by extensions ['ros']
[0.381s] Level 1:colcon.colcon_core.package_identification:_identify(src/uros/micro-ROS-Agent/micro_ros_agent) by extension 'ros'
[0.383s] DEBUG:colcon.colcon_core.package_identification:Package 'src/uros/micro-ROS-Agent/micro_ros_agent' with type 'ros.ament_cmake' and name 'micro_ros_agent'
[0.383s] Level 1:colcon.colcon_core.package_identification:_identify(src/uros/micro-ROS-Agent/snap) by extensions ['ignore', 'ignore_ament_install']
[0.383s] Level 1:colcon.colcon_core.package_identification:_identify(src/uros/micro-ROS-Agent/snap) by extension 'ignore'
[0.383s] Level 1:colcon.colcon_core.package_identification:_identify(src/uros/micro-ROS-Agent/snap) by extension 'ignore_ament_install'
[0.383s] Level 1:colcon.colcon_core.package_identification:_identify(src/uros/micro-ROS-Agent/snap) by extensions ['colcon_pkg']
[0.384s] Level 1:colcon.colcon_core.package_identification:_identify(src/uros/micro-ROS-Agent/snap) by extension 'colcon_pkg'
[0.384s] Level 1:colcon.colcon_core.package_identification:_identify(src/uros/micro-ROS-Agent/snap) by extensions ['colcon_meta']
[0.384s] Level 1:colcon.colcon_core.package_identification:_identify(src/uros/micro-ROS-Agent/snap) by extension 'colcon_meta'
[0.384s] Level 1:colcon.colcon_core.package_identification:_identify(src/uros/micro-ROS-Agent/snap) by extensions ['ros']
[0.384s] Level 1:colcon.colcon_core.package_identification:_identify(src/uros/micro-ROS-Agent/snap) by extension 'ros'
[0.384s] Level 1:colcon.colcon_core.package_identification:_identify(src/uros/micro-ROS-Agent/snap) by extensions ['cmake', 'python']
[0.384s] Level 1:colcon.colcon_core.package_identification:_identify(src/uros/micro-ROS-Agent/snap) by extension 'cmake'
[0.384s] Level 1:colcon.colcon_core.package_identification:_identify(src/uros/micro-ROS-Agent/snap) by extension 'python'
[0.384s] Level 1:colcon.colcon_core.package_identification:_identify(src/uros/micro-ROS-Agent/snap) by extensions ['python_setup_py']
[0.384s] Level 1:colcon.colcon_core.package_identification:_identify(src/uros/micro-ROS-Agent/snap) by extension 'python_setup_py'
[0.385s] Level 1:colcon.colcon_core.package_identification:_identify(src/uros/micro-ROS-Agent/snap/hooks) by extensions ['ignore', 'ignore_ament_install']
[0.385s] Level 1:colcon.colcon_core.package_identification:_identify(src/uros/micro-ROS-Agent/snap/hooks) by extension 'ignore'
[0.385s] Level 1:colcon.colcon_core.package_identification:_identify(src/uros/micro-ROS-Agent/snap/hooks) by extension 'ignore_ament_install'
[0.385s] Level 1:colcon.colcon_core.package_identification:_identify(src/uros/micro-ROS-Agent/snap/hooks) by extensions ['colcon_pkg']
[0.385s] Level 1:colcon.colcon_core.package_identification:_identify(src/uros/micro-ROS-Agent/snap/hooks) by extension 'colcon_pkg'
[0.385s] Level 1:colcon.colcon_core.package_identification:_identify(src/uros/micro-ROS-Agent/snap/hooks) by extensions ['colcon_meta']
[0.385s] Level 1:colcon.colcon_core.package_identification:_identify(src/uros/micro-ROS-Agent/snap/hooks) by extension 'colcon_meta'
[0.385s] Level 1:colcon.colcon_core.package_identification:_identify(src/uros/micro-ROS-Agent/snap/hooks) by extensions ['ros']
[0.385s] Level 1:colcon.colcon_core.package_identification:_identify(src/uros/micro-ROS-Agent/snap/hooks) by extension 'ros'
[0.385s] Level 1:colcon.colcon_core.package_identification:_identify(src/uros/micro-ROS-Agent/snap/hooks) by extensions ['cmake', 'python']
[0.385s] Level 1:colcon.colcon_core.package_identification:_identify(src/uros/micro-ROS-Agent/snap/hooks) by extension 'cmake'
[0.386s] Level 1:colcon.colcon_core.package_identification:_identify(src/uros/micro-ROS-Agent/snap/hooks) by extension 'python'
[0.386s] Level 1:colcon.colcon_core.package_identification:_identify(src/uros/micro-ROS-Agent/snap/hooks) by extensions ['python_setup_py']
[0.386s] Level 1:colcon.colcon_core.package_identification:_identify(src/uros/micro-ROS-Agent/snap/hooks) by extension 'python_setup_py'
[0.386s] Level 1:colcon.colcon_core.package_identification:_identify(src/uros/micro-ROS-Agent/snap/local) by extensions ['ignore', 'ignore_ament_install']
[0.386s] Level 1:colcon.colcon_core.package_identification:_identify(src/uros/micro-ROS-Agent/snap/local) by extension 'ignore'
[0.386s] Level 1:colcon.colcon_core.package_identification:_identify(src/uros/micro-ROS-Agent/snap/local) by extension 'ignore_ament_install'
[0.386s] Level 1:colcon.colcon_core.package_identification:_identify(src/uros/micro-ROS-Agent/snap/local) by extensions ['colcon_pkg']
[0.386s] Level 1:colcon.colcon_core.package_identification:_identify(src/uros/micro-ROS-Agent/snap/local) by extension 'colcon_pkg'
[0.386s] Level 1:colcon.colcon_core.package_identification:_identify(src/uros/micro-ROS-Agent/snap/local) by extensions ['colcon_meta']
[0.386s] Level 1:colcon.colcon_core.package_identification:_identify(src/uros/micro-ROS-Agent/snap/local) by extension 'colcon_meta'
[0.387s] Level 1:colcon.colcon_core.package_identification:_identify(src/uros/micro-ROS-Agent/snap/local) by extensions ['ros']
[0.387s] Level 1:colcon.colcon_core.package_identification:_identify(src/uros/micro-ROS-Agent/snap/local) by extension 'ros'
[0.387s] Level 1:colcon.colcon_core.package_identification:_identify(src/uros/micro-ROS-Agent/snap/local) by extensions ['cmake', 'python']
[0.387s] Level 1:colcon.colcon_core.package_identification:_identify(src/uros/micro-ROS-Agent/snap/local) by extension 'cmake'
[0.387s] Level 1:colcon.colcon_core.package_identification:_identify(src/uros/micro-ROS-Agent/snap/local) by extension 'python'
[0.387s] Level 1:colcon.colcon_core.package_identification:_identify(src/uros/micro-ROS-Agent/snap/local) by extensions ['python_setup_py']
[0.387s] Level 1:colcon.colcon_core.package_identification:_identify(src/uros/micro-ROS-Agent/snap/local) by extension 'python_setup_py'
[0.387s] Level 1:colcon.colcon_core.package_identification:_identify(src/uros/micro_ros_msgs) by extensions ['ignore', 'ignore_ament_install']
[0.387s] Level 1:colcon.colcon_core.package_identification:_identify(src/uros/micro_ros_msgs) by extension 'ignore'
[0.388s] Level 1:colcon.colcon_core.package_identification:_identify(src/uros/micro_ros_msgs) by extension 'ignore_ament_install'
[0.388s] Level 1:colcon.colcon_core.package_identification:_identify(src/uros/micro_ros_msgs) by extensions ['colcon_pkg']
[0.388s] Level 1:colcon.colcon_core.package_identification:_identify(src/uros/micro_ros_msgs) by extension 'colcon_pkg'
[0.388s] Level 1:colcon.colcon_core.package_identification:_identify(src/uros/micro_ros_msgs) by extensions ['colcon_meta']
[0.388s] Level 1:colcon.colcon_core.package_identification:_identify(src/uros/micro_ros_msgs) by extension 'colcon_meta'
[0.388s] Level 1:colcon.colcon_core.package_identification:_identify(src/uros/micro_ros_msgs) by extensions ['ros']
[0.388s] Level 1:colcon.colcon_core.package_identification:_identify(src/uros/micro_ros_msgs) by extension 'ros'
[0.389s] DEBUG:colcon.colcon_core.package_identification:Package 'src/uros/micro_ros_msgs' with type 'ros.ament_cmake' and name 'micro_ros_msgs'
[0.389s] Level 1:colcon.colcon_core.package_discovery:discover_packages(recursive) using defaults
[0.389s] Level 1:colcon.colcon_core.package_discovery:discover_packages(ignore) discover
[0.389s] Level 1:colcon.colcon_core.package_discovery:discover_packages(ignore) using defaults
[0.389s] Level 1:colcon.colcon_core.package_discovery:discover_packages(path) discover
[0.389s] Level 1:colcon.colcon_core.package_discovery:discover_packages(path) using defaults
[0.424s] INFO:colcon.colcon_core.package_selection:Skipping package 'micro_ros_setup' in 'src/micro_ros_setup'
[0.424s] Level 1:colcon.colcon_core.package_discovery:discover_packages(prefix_path) check parameters
[0.424s] Level 1:colcon.colcon_core.package_discovery:discover_packages(prefix_path) discover
[0.427s] DEBUG:colcon.colcon_installed_package_information.package_discovery:Found 1 installed packages in /workspace/TE3001B_TEAM_3/src/uros_ws/install
[0.429s] DEBUG:colcon.colcon_installed_package_information.package_discovery:Found 343 installed packages in /opt/ros/humble
[0.431s] Level 1:colcon.colcon_core.package_discovery:discover_packages(prefix_path) using defaults
[0.488s] Level 5:colcon.colcon_core.verb:set package 'micro_ros_msgs' build argument 'cmake_args' from command line to '['-DUAGENT_BUILD_EXECUTABLE=OFF', '-DUAGENT_P2P_PROFILE=OFF', '--no-warn-unused-cli']'
[0.488s] Level 5:colcon.colcon_core.verb:set package 'micro_ros_msgs' build argument 'cmake_target' from command line to 'None'
[0.488s] Level 5:colcon.colcon_core.verb:set package 'micro_ros_msgs' build argument 'cmake_target_skip_unavailable' from command line to 'False'
[0.488s] Level 5:colcon.colcon_core.verb:set package 'micro_ros_msgs' build argument 'cmake_clean_cache' from command line to 'False'
[0.488s] Level 5:colcon.colcon_core.verb:set package 'micro_ros_msgs' build argument 'cmake_clean_first' from command line to 'False'
[0.488s] Level 5:colcon.colcon_core.verb:set package 'micro_ros_msgs' build argument 'cmake_force_configure' from command line to 'False'
[0.488s] Level 5:colcon.colcon_core.verb:set package 'micro_ros_msgs' build argument 'ament_cmake_args' from command line to 'None'
[0.488s] Level 5:colcon.colcon_core.verb:set package 'micro_ros_msgs' build argument 'catkin_cmake_args' from command line to 'None'
[0.488s] Level 5:colcon.colcon_core.verb:set package 'micro_ros_msgs' build argument 'catkin_skip_building_tests' from command line to 'False'
[0.488s] DEBUG:colcon.colcon_core.verb:Building package 'micro_ros_msgs' with the following arguments: {'ament_cmake_args': None, 'build_base': '/workspace/TE3001B_TEAM_3/src/uros_ws/build/micro_ros_msgs', 'catkin_cmake_args': None, 'catkin_skip_building_tests': False, 'cmake_args': ['-DUAGENT_BUILD_EXECUTABLE=OFF', '-DUAGENT_P2P_PROFILE=OFF', '--no-warn-unused-cli'], 'cmake_clean_cache': False, 'cmake_clean_first': False, 'cmake_force_configure': False, 'cmake_target': None, 'cmake_target_skip_unavailable': False, 'install_base': '/workspace/TE3001B_TEAM_3/src/uros_ws/install/micro_ros_msgs', 'merge_install': False, 'path': '/workspace/TE3001B_TEAM_3/src/uros_ws/src/uros/micro_ros_msgs', 'symlink_install': False, 'test_result_base': None}
[0.489s] Level 5:colcon.colcon_core.verb:set package 'micro_ros_agent' build argument 'cmake_args' from command line to '['-DUAGENT_BUILD_EXECUTABLE=OFF', '-DUAGENT_P2P_PROFILE=OFF', '--no-warn-unused-cli']'
[0.489s] Level 5:colcon.colcon_core.verb:set package 'micro_ros_agent' build argument 'cmake_target' from command line to 'None'
[0.489s] Level 5:colcon.colcon_core.verb:set package 'micro_ros_agent' build argument 'cmake_target_skip_unavailable' from command line to 'False'
[0.489s] Level 5:colcon.colcon_core.verb:set package 'micro_ros_agent' build argument 'cmake_clean_cache' from command line to 'False'
[0.489s] Level 5:colcon.colcon_core.verb:set package 'micro_ros_agent' build argument 'cmake_clean_first' from command line to 'False'
[0.489s] Level 5:colcon.colcon_core.verb:set package 'micro_ros_agent' build argument 'cmake_force_configure' from command line to 'False'
[0.490s] Level 5:colcon.colcon_core.verb:set package 'micro_ros_agent' build argument 'ament_cmake_args' from command line to 'None'
[0.490s] Level 5:colcon.colcon_core.verb:set package 'micro_ros_agent' build argument 'catkin_cmake_args' from command line to 'None'
[0.490s] Level 5:colcon.colcon_core.verb:set package 'micro_ros_agent' build argument 'catkin_skip_building_tests' from command line to 'False'
[0.490s] DEBUG:colcon.colcon_core.verb:Building package 'micro_ros_agent' with the following arguments: {'ament_cmake_args': None, 'build_base': '/workspace/TE3001B_TEAM_3/src/uros_ws/build/micro_ros_agent', 'catkin_cmake_args': None, 'catkin_skip_building_tests': False, 'cmake_args': ['-DUAGENT_BUILD_EXECUTABLE=OFF', '-DUAGENT_P2P_PROFILE=OFF', '--no-warn-unused-cli'], 'cmake_clean_cache': False, 'cmake_clean_first': False, 'cmake_force_configure': False, 'cmake_target': None, 'cmake_target_skip_unavailable': False, 'install_base': '/workspace/TE3001B_TEAM_3/src/uros_ws/install/micro_ros_agent', 'merge_install': False, 'path': '/workspace/TE3001B_TEAM_3/src/uros_ws/src/uros/micro-ROS-Agent/micro_ros_agent', 'symlink_install': False, 'test_result_base': None}
[0.490s] INFO:colcon.colcon_core.executor:Executing jobs using 'parallel' executor
[0.492s] DEBUG:colcon.colcon_parallel_executor.executor.parallel:run_until_complete
[0.492s] INFO:colcon.colcon_ros.task.ament_cmake.build:Building ROS package in '/workspace/TE3001B_TEAM_3/src/uros_ws/src/uros/micro_ros_msgs' with build type 'ament_cmake'
[0.493s] INFO:colcon.colcon_cmake.task.cmake.build:Building CMake package in '/workspace/TE3001B_TEAM_3/src/uros_ws/src/uros/micro_ros_msgs'
[0.497s] INFO:colcon.colcon_core.plugin_system:Skipping extension 'colcon_core.shell.bat': Not used on non-Windows systems
[0.498s] INFO:colcon.colcon_core.shell:Skip shell extension 'powershell' for command environment: Not usable outside of PowerShell
[0.498s] DEBUG:colcon.colcon_core.shell:Skip shell extension 'dsv' for command environment
[0.511s] DEBUG:colcon.colcon_core.event_handler.log_command:Invoking command in '/workspace/TE3001B_TEAM_3/src/uros_ws/build/micro_ros_msgs': CMAKE_PREFIX_PATH=${CMAKE_PREFIX_PATH}:/opt/ros/humble /usr/bin/cmake /workspace/TE3001B_TEAM_3/src/uros_ws/src/uros/micro_ros_msgs -DUAGENT_BUILD_EXECUTABLE=OFF -DUAGENT_P2P_PROFILE=OFF --no-warn-unused-cli -DCMAKE_INSTALL_PREFIX=/workspace/TE3001B_TEAM_3/src/uros_ws/install/micro_ros_msgs
[2.778s] DEBUG:colcon.colcon_core.event_handler.log_command:Invoked command in '/workspace/TE3001B_TEAM_3/src/uros_ws/build/micro_ros_msgs' returned '0': CMAKE_PREFIX_PATH=${CMAKE_PREFIX_PATH}:/opt/ros/humble /usr/bin/cmake /workspace/TE3001B_TEAM_3/src/uros_ws/src/uros/micro_ros_msgs -DUAGENT_BUILD_EXECUTABLE=OFF -DUAGENT_P2P_PROFILE=OFF --no-warn-unused-cli -DCMAKE_INSTALL_PREFIX=/workspace/TE3001B_TEAM_3/src/uros_ws/install/micro_ros_msgs
[2.780s] DEBUG:colcon.colcon_core.event_handler.log_command:Invoking command in '/workspace/TE3001B_TEAM_3/src/uros_ws/build/micro_ros_msgs': CMAKE_PREFIX_PATH=${CMAKE_PREFIX_PATH}:/opt/ros/humble /usr/bin/cmake --build /workspace/TE3001B_TEAM_3/src/uros_ws/build/micro_ros_msgs -- -j4 -l4
[10.714s] DEBUG:colcon.colcon_core.event_handler.log_command:Invoked command in '/workspace/TE3001B_TEAM_3/src/uros_ws/build/micro_ros_msgs' returned '0': CMAKE_PREFIX_PATH=${CMAKE_PREFIX_PATH}:/opt/ros/humble /usr/bin/cmake --build /workspace/TE3001B_TEAM_3/src/uros_ws/build/micro_ros_msgs -- -j4 -l4
[10.726s] DEBUG:colcon.colcon_core.event_handler.log_command:Invoking command in '/workspace/TE3001B_TEAM_3/src/uros_ws/build/micro_ros_msgs': CMAKE_PREFIX_PATH=${CMAKE_PREFIX_PATH}:/opt/ros/humble /usr/bin/cmake --install /workspace/TE3001B_TEAM_3/src/uros_ws/build/micro_ros_msgs
[10.833s] Level 1:colcon.colcon_core.environment:create_environment_scripts_only(micro_ros_msgs)
[10.834s] DEBUG:colcon.colcon_core.event_handler.log_command:Invoked command in '/workspace/TE3001B_TEAM_3/src/uros_ws/build/micro_ros_msgs' returned '0': CMAKE_PREFIX_PATH=${CMAKE_PREFIX_PATH}:/opt/ros/humble /usr/bin/cmake --install /workspace/TE3001B_TEAM_3/src/uros_ws/build/micro_ros_msgs
[10.837s] Level 1:colcon.colcon_core.environment:checking '/workspace/TE3001B_TEAM_3/src/uros_ws/install/micro_ros_msgs' for CMake module files
[10.837s] Level 1:colcon.colcon_core.environment:checking '/workspace/TE3001B_TEAM_3/src/uros_ws/install/micro_ros_msgs' for CMake config files
[10.838s] Level 1:colcon.colcon_core.shell:create_environment_hook('micro_ros_msgs', 'cmake_prefix_path')
[10.839s] INFO:colcon.colcon_core.shell:Creating environment hook '/workspace/TE3001B_TEAM_3/src/uros_ws/install/micro_ros_msgs/share/micro_ros_msgs/hook/cmake_prefix_path.ps1'
[10.839s] INFO:colcon.colcon_core.shell:Creating environment descriptor '/workspace/TE3001B_TEAM_3/src/uros_ws/install/micro_ros_msgs/share/micro_ros_msgs/hook/cmake_prefix_path.dsv'
[10.840s] INFO:colcon.colcon_core.shell:Creating environment hook '/workspace/TE3001B_TEAM_3/src/uros_ws/install/micro_ros_msgs/share/micro_ros_msgs/hook/cmake_prefix_path.sh'
[10.841s] Level 1:colcon.colcon_core.environment:checking '/workspace/TE3001B_TEAM_3/src/uros_ws/install/micro_ros_msgs/lib'
[10.841s] Level 1:colcon.colcon_core.shell:create_environment_hook('micro_ros_msgs', 'ld_library_path_lib')
[10.841s] INFO:colcon.colcon_core.shell:Creating environment hook '/workspace/TE3001B_TEAM_3/src/uros_ws/install/micro_ros_msgs/share/micro_ros_msgs/hook/ld_library_path_lib.ps1'
[10.842s] INFO:colcon.colcon_core.shell:Creating environment descriptor '/workspace/TE3001B_TEAM_3/src/uros_ws/install/micro_ros_msgs/share/micro_ros_msgs/hook/ld_library_path_lib.dsv'
[10.842s] INFO:colcon.colcon_core.shell:Creating environment hook '/workspace/TE3001B_TEAM_3/src/uros_ws/install/micro_ros_msgs/share/micro_ros_msgs/hook/ld_library_path_lib.sh'
[10.843s] Level 1:colcon.colcon_core.environment:checking '/workspace/TE3001B_TEAM_3/src/uros_ws/install/micro_ros_msgs/bin'
[10.843s] Level 1:colcon.colcon_core.environment:checking '/workspace/TE3001B_TEAM_3/src/uros_ws/install/micro_ros_msgs/lib/pkgconfig/micro_ros_msgs.pc'
[10.843s] Level 1:colcon.colcon_core.environment:checking '/workspace/TE3001B_TEAM_3/src/uros_ws/install/micro_ros_msgs/lib/python3.10/site-packages'
[10.844s] Level 1:colcon.colcon_core.environment:checking '/workspace/TE3001B_TEAM_3/src/uros_ws/install/micro_ros_msgs/bin'
[10.844s] INFO:colcon.colcon_core.shell:Creating package script '/workspace/TE3001B_TEAM_3/src/uros_ws/install/micro_ros_msgs/share/micro_ros_msgs/package.ps1'
[10.845s] INFO:colcon.colcon_core.shell:Creating package descriptor '/workspace/TE3001B_TEAM_3/src/uros_ws/install/micro_ros_msgs/share/micro_ros_msgs/package.dsv'
[10.846s] INFO:colcon.colcon_core.shell:Creating package script '/workspace/TE3001B_TEAM_3/src/uros_ws/install/micro_ros_msgs/share/micro_ros_msgs/package.sh'
[10.846s] INFO:colcon.colcon_core.shell:Creating package script '/workspace/TE3001B_TEAM_3/src/uros_ws/install/micro_ros_msgs/share/micro_ros_msgs/package.bash'
[10.847s] INFO:colcon.colcon_core.shell:Creating package script '/workspace/TE3001B_TEAM_3/src/uros_ws/install/micro_ros_msgs/share/micro_ros_msgs/package.zsh'
[10.848s] Level 1:colcon.colcon_core.environment:create_file_with_runtime_dependencies(/workspace/TE3001B_TEAM_3/src/uros_ws/install/micro_ros_msgs/share/colcon-core/packages/micro_ros_msgs)
[10.849s] Level 1:colcon.colcon_core.environment:create_environment_scripts_only(micro_ros_msgs)
[10.849s] Level 1:colcon.colcon_core.environment:checking '/workspace/TE3001B_TEAM_3/src/uros_ws/install/micro_ros_msgs' for CMake module files
[10.850s] Level 1:colcon.colcon_core.environment:checking '/workspace/TE3001B_TEAM_3/src/uros_ws/install/micro_ros_msgs' for CMake config files
[10.851s] Level 1:colcon.colcon_core.shell:create_environment_hook('micro_ros_msgs', 'cmake_prefix_path')
[10.851s] INFO:colcon.colcon_core.shell:Creating environment hook '/workspace/TE3001B_TEAM_3/src/uros_ws/install/micro_ros_msgs/share/micro_ros_msgs/hook/cmake_prefix_path.ps1'
[10.851s] INFO:colcon.colcon_core.shell:Creating environment descriptor '/workspace/TE3001B_TEAM_3/src/uros_ws/install/micro_ros_msgs/share/micro_ros_msgs/hook/cmake_prefix_path.dsv'
[10.852s] INFO:colcon.colcon_core.shell:Creating environment hook '/workspace/TE3001B_TEAM_3/src/uros_ws/install/micro_ros_msgs/share/micro_ros_msgs/hook/cmake_prefix_path.sh'
[10.852s] Level 1:colcon.colcon_core.environment:checking '/workspace/TE3001B_TEAM_3/src/uros_ws/install/micro_ros_msgs/lib'
[10.853s] Level 1:colcon.colcon_core.shell:create_environment_hook('micro_ros_msgs', 'ld_library_path_lib')
[10.853s] INFO:colcon.colcon_core.shell:Creating environment hook '/workspace/TE3001B_TEAM_3/src/uros_ws/install/micro_ros_msgs/share/micro_ros_msgs/hook/ld_library_path_lib.ps1'
[10.853s] INFO:colcon.colcon_core.shell:Creating environment descriptor '/workspace/TE3001B_TEAM_3/src/uros_ws/install/micro_ros_msgs/share/micro_ros_msgs/hook/ld_library_path_lib.dsv'
[10.854s] INFO:colcon.colcon_core.shell:Creating environment hook '/workspace/TE3001B_TEAM_3/src/uros_ws/install/micro_ros_msgs/share/micro_ros_msgs/hook/ld_library_path_lib.sh'
[10.854s] Level 1:colcon.colcon_core.environment:checking '/workspace/TE3001B_TEAM_3/src/uros_ws/install/micro_ros_msgs/bin'
[10.854s] Level 1:colcon.colcon_core.environment:checking '/workspace/TE3001B_TEAM_3/src/uros_ws/install/micro_ros_msgs/lib/pkgconfig/micro_ros_msgs.pc'
[10.855s] Level 1:colcon.colcon_core.environment:checking '/workspace/TE3001B_TEAM_3/src/uros_ws/install/micro_ros_msgs/lib/python3.10/site-packages'
[10.855s] Level 1:colcon.colcon_core.environment:checking '/workspace/TE3001B_TEAM_3/src/uros_ws/install/micro_ros_msgs/bin'
[10.856s] INFO:colcon.colcon_core.shell:Creating package script '/workspace/TE3001B_TEAM_3/src/uros_ws/install/micro_ros_msgs/share/micro_ros_msgs/package.ps1'
[10.856s] INFO:colcon.colcon_core.shell:Creating package descriptor '/workspace/TE3001B_TEAM_3/src/uros_ws/install/micro_ros_msgs/share/micro_ros_msgs/package.dsv'
[10.857s] INFO:colcon.colcon_core.shell:Creating package script '/workspace/TE3001B_TEAM_3/src/uros_ws/install/micro_ros_msgs/share/micro_ros_msgs/package.sh'
[10.857s] INFO:colcon.colcon_core.shell:Creating package script '/workspace/TE3001B_TEAM_3/src/uros_ws/install/micro_ros_msgs/share/micro_ros_msgs/package.bash'
[10.858s] INFO:colcon.colcon_core.shell:Creating package script '/workspace/TE3001B_TEAM_3/src/uros_ws/install/micro_ros_msgs/share/micro_ros_msgs/package.zsh'
[10.858s] Level 1:colcon.colcon_core.environment:create_file_with_runtime_dependencies(/workspace/TE3001B_TEAM_3/src/uros_ws/install/micro_ros_msgs/share/colcon-core/packages/micro_ros_msgs)
[10.859s] INFO:colcon.colcon_ros.task.ament_cmake.build:Building ROS package in '/workspace/TE3001B_TEAM_3/src/uros_ws/src/uros/micro-ROS-Agent/micro_ros_agent' with build type 'ament_cmake'
[10.859s] INFO:colcon.colcon_cmake.task.cmake.build:Building CMake package in '/workspace/TE3001B_TEAM_3/src/uros_ws/src/uros/micro-ROS-Agent/micro_ros_agent'
[10.860s] INFO:colcon.colcon_core.shell:Skip shell extension 'powershell' for command environment: Not usable outside of PowerShell
[10.860s] DEBUG:colcon.colcon_core.shell:Skip shell extension 'dsv' for command environment
[10.877s] DEBUG:colcon.colcon_core.event_handler.log_command:Invoking command in '/workspace/TE3001B_TEAM_3/src/uros_ws/build/micro_ros_agent': AMENT_PREFIX_PATH=/workspace/TE3001B_TEAM_3/src/uros_ws/install/micro_ros_msgs:${AMENT_PREFIX_PATH} CMAKE_PREFIX_PATH=/workspace/TE3001B_TEAM_3/src/uros_ws/install/micro_ros_msgs:/workspace/TE3001B_TEAM_3/src/uros_ws/install/micro_ros_setup:/opt/ros/humble LD_LIBRARY_PATH=/workspace/TE3001B_TEAM_3/src/uros_ws/install/micro_ros_msgs/lib:${LD_LIBRARY_PATH} PYTHONPATH=/workspace/TE3001B_TEAM_3/src/uros_ws/install/micro_ros_msgs/local/lib/python3.10/dist-packages:${PYTHONPATH} /usr/bin/cmake /workspace/TE3001B_TEAM_3/src/uros_ws/src/uros/micro-ROS-Agent/micro_ros_agent -DUAGENT_BUILD_EXECUTABLE=OFF -DUAGENT_P2P_PROFILE=OFF --no-warn-unused-cli -DCMAKE_INSTALL_PREFIX=/workspace/TE3001B_TEAM_3/src/uros_ws/install/micro_ros_agent
[11.342s] DEBUG:colcon.colcon_core.event_handler.log_command:Invoked command in '/workspace/TE3001B_TEAM_3/src/uros_ws/build/micro_ros_agent' returned '0': AMENT_PREFIX_PATH=/workspace/TE3001B_TEAM_3/src/uros_ws/install/micro_ros_msgs:${AMENT_PREFIX_PATH} CMAKE_PREFIX_PATH=/workspace/TE3001B_TEAM_3/src/uros_ws/install/micro_ros_msgs:/workspace/TE3001B_TEAM_3/src/uros_ws/install/micro_ros_setup:/opt/ros/humble LD_LIBRARY_PATH=/workspace/TE3001B_TEAM_3/src/uros_ws/install/micro_ros_msgs/lib:${LD_LIBRARY_PATH} PYTHONPATH=/workspace/TE3001B_TEAM_3/src/uros_ws/install/micro_ros_msgs/local/lib/python3.10/dist-packages:${PYTHONPATH} /usr/bin/cmake /workspace/TE3001B_TEAM_3/src/uros_ws/src/uros/micro-ROS-Agent/micro_ros_agent -DUAGENT_BUILD_EXECUTABLE=OFF -DUAGENT_P2P_PROFILE=OFF --no-warn-unused-cli -DCMAKE_INSTALL_PREFIX=/workspace/TE3001B_TEAM_3/src/uros_ws/install/micro_ros_agent
[11.343s] DEBUG:colcon.colcon_core.event_handler.log_command:Invoking command in '/workspace/TE3001B_TEAM_3/src/uros_ws/build/micro_ros_agent': AMENT_PREFIX_PATH=/workspace/TE3001B_TEAM_3/src/uros_ws/install/micro_ros_msgs:${AMENT_PREFIX_PATH} CMAKE_PREFIX_PATH=/workspace/TE3001B_TEAM_3/src/uros_ws/install/micro_ros_msgs:/workspace/TE3001B_TEAM_3/src/uros_ws/install/micro_ros_setup:/opt/ros/humble LD_LIBRARY_PATH=/workspace/TE3001B_TEAM_3/src/uros_ws/install/micro_ros_msgs/lib:${LD_LIBRARY_PATH} PYTHONPATH=/workspace/TE3001B_TEAM_3/src/uros_ws/install/micro_ros_msgs/local/lib/python3.10/dist-packages:${PYTHONPATH} /usr/bin/cmake --build /workspace/TE3001B_TEAM_3/src/uros_ws/build/micro_ros_agent -- -j4 -l4
[114.975s] DEBUG:colcon.colcon_core.event_handler.log_command:Invoked command in '/workspace/TE3001B_TEAM_3/src/uros_ws/build/micro_ros_agent' returned '0': AMENT_PREFIX_PATH=/workspace/TE3001B_TEAM_3/src/uros_ws/install/micro_ros_msgs:${AMENT_PREFIX_PATH} CMAKE_PREFIX_PATH=/workspace/TE3001B_TEAM_3/src/uros_ws/install/micro_ros_msgs:/workspace/TE3001B_TEAM_3/src/uros_ws/install/micro_ros_setup:/opt/ros/humble LD_LIBRARY_PATH=/workspace/TE3001B_TEAM_3/src/uros_ws/install/micro_ros_msgs/lib:${LD_LIBRARY_PATH} PYTHONPATH=/workspace/TE3001B_TEAM_3/src/uros_ws/install/micro_ros_msgs/local/lib/python3.10/dist-packages:${PYTHONPATH} /usr/bin/cmake --build /workspace/TE3001B_TEAM_3/src/uros_ws/build/micro_ros_agent -- -j4 -l4
[114.978s] DEBUG:colcon.colcon_core.event_handler.log_command:Invoking command in '/workspace/TE3001B_TEAM_3/src/uros_ws/build/micro_ros_agent': AMENT_PREFIX_PATH=/workspace/TE3001B_TEAM_3/src/uros_ws/install/micro_ros_msgs:${AMENT_PREFIX_PATH} CMAKE_PREFIX_PATH=/workspace/TE3001B_TEAM_3/src/uros_ws/install/micro_ros_msgs:/workspace/TE3001B_TEAM_3/src/uros_ws/install/micro_ros_setup:/opt/ros/humble LD_LIBRARY_PATH=/workspace/TE3001B_TEAM_3/src/uros_ws/install/micro_ros_msgs/lib:${LD_LIBRARY_PATH} PYTHONPATH=/workspace/TE3001B_TEAM_3/src/uros_ws/install/micro_ros_msgs/local/lib/python3.10/dist-packages:${PYTHONPATH} /usr/bin/cmake --install /workspace/TE3001B_TEAM_3/src/uros_ws/build/micro_ros_agent
[115.006s] Level 1:colcon.colcon_core.environment:create_environment_scripts_only(micro_ros_agent)
[115.007s] Level 1:colcon.colcon_core.environment:checking '/workspace/TE3001B_TEAM_3/src/uros_ws/install/micro_ros_agent' for CMake module files
[115.008s] Level 1:colcon.colcon_core.environment:checking '/workspace/TE3001B_TEAM_3/src/uros_ws/install/micro_ros_agent' for CMake config files
[115.009s] DEBUG:colcon.colcon_core.event_handler.log_command:Invoked command in '/workspace/TE3001B_TEAM_3/src/uros_ws/build/micro_ros_agent' returned '0': AMENT_PREFIX_PATH=/workspace/TE3001B_TEAM_3/src/uros_ws/install/micro_ros_msgs:${AMENT_PREFIX_PATH} CMAKE_PREFIX_PATH=/workspace/TE3001B_TEAM_3/src/uros_ws/install/micro_ros_msgs:/workspace/TE3001B_TEAM_3/src/uros_ws/install/micro_ros_setup:/opt/ros/humble LD_LIBRARY_PATH=/workspace/TE3001B_TEAM_3/src/uros_ws/install/micro_ros_msgs/lib:${LD_LIBRARY_PATH} PYTHONPATH=/workspace/TE3001B_TEAM_3/src/uros_ws/install/micro_ros_msgs/local/lib/python3.10/dist-packages:${PYTHONPATH} /usr/bin/cmake --install /workspace/TE3001B_TEAM_3/src/uros_ws/build/micro_ros_agent
[115.011s] Level 1:colcon.colcon_core.shell:create_environment_hook('micro_ros_agent', 'cmake_prefix_path')
[115.012s] INFO:colcon.colcon_core.shell:Creating environment hook '/workspace/TE3001B_TEAM_3/src/uros_ws/install/micro_ros_agent/share/micro_ros_agent/hook/cmake_prefix_path.ps1'
[115.013s] INFO:colcon.colcon_core.shell:Creating environment descriptor '/workspace/TE3001B_TEAM_3/src/uros_ws/install/micro_ros_agent/share/micro_ros_agent/hook/cmake_prefix_path.dsv'
[115.013s] INFO:colcon.colcon_core.shell:Creating environment hook '/workspace/TE3001B_TEAM_3/src/uros_ws/install/micro_ros_agent/share/micro_ros_agent/hook/cmake_prefix_path.sh'
[115.014s] Level 1:colcon.colcon_core.environment:checking '/workspace/TE3001B_TEAM_3/src/uros_ws/install/micro_ros_agent/lib'
[115.014s] Level 1:colcon.colcon_core.shell:create_environment_hook('micro_ros_agent', 'ld_library_path_lib')
[115.015s] INFO:colcon.colcon_core.shell:Creating environment hook '/workspace/TE3001B_TEAM_3/src/uros_ws/install/micro_ros_agent/share/micro_ros_agent/hook/ld_library_path_lib.ps1'
[115.015s] INFO:colcon.colcon_core.shell:Creating environment descriptor '/workspace/TE3001B_TEAM_3/src/uros_ws/install/micro_ros_agent/share/micro_ros_agent/hook/ld_library_path_lib.dsv'
[115.016s] INFO:colcon.colcon_core.shell:Creating environment hook '/workspace/TE3001B_TEAM_3/src/uros_ws/install/micro_ros_agent/share/micro_ros_agent/hook/ld_library_path_lib.sh'
[115.017s] Level 1:colcon.colcon_core.environment:checking '/workspace/TE3001B_TEAM_3/src/uros_ws/install/micro_ros_agent/bin'
[115.017s] Level 1:colcon.colcon_core.environment:checking '/workspace/TE3001B_TEAM_3/src/uros_ws/install/micro_ros_agent/lib/pkgconfig/micro_ros_agent.pc'
[115.017s] Level 1:colcon.colcon_core.environment:checking '/workspace/TE3001B_TEAM_3/src/uros_ws/install/micro_ros_agent/lib/python3.10/site-packages'
[115.018s] Level 1:colcon.colcon_core.environment:checking '/workspace/TE3001B_TEAM_3/src/uros_ws/install/micro_ros_agent/bin'
[115.019s] INFO:colcon.colcon_core.shell:Creating package script '/workspace/TE3001B_TEAM_3/src/uros_ws/install/micro_ros_agent/share/micro_ros_agent/package.ps1'
[115.020s] INFO:colcon.colcon_core.shell:Creating package descriptor '/workspace/TE3001B_TEAM_3/src/uros_ws/install/micro_ros_agent/share/micro_ros_agent/package.dsv'
[115.021s] INFO:colcon.colcon_core.shell:Creating package script '/workspace/TE3001B_TEAM_3/src/uros_ws/install/micro_ros_agent/share/micro_ros_agent/package.sh'
[115.022s] INFO:colcon.colcon_core.shell:Creating package script '/workspace/TE3001B_TEAM_3/src/uros_ws/install/micro_ros_agent/share/micro_ros_agent/package.bash'
[115.023s] INFO:colcon.colcon_core.shell:Creating package script '/workspace/TE3001B_TEAM_3/src/uros_ws/install/micro_ros_agent/share/micro_ros_agent/package.zsh'
[115.023s] Level 1:colcon.colcon_core.environment:create_file_with_runtime_dependencies(/workspace/TE3001B_TEAM_3/src/uros_ws/install/micro_ros_agent/share/colcon-core/packages/micro_ros_agent)
[115.024s] Level 1:colcon.colcon_core.environment:create_environment_scripts_only(micro_ros_agent)
[115.025s] Level 1:colcon.colcon_core.environment:checking '/workspace/TE3001B_TEAM_3/src/uros_ws/install/micro_ros_agent' for CMake module files
[115.026s] Level 1:colcon.colcon_core.environment:checking '/workspace/TE3001B_TEAM_3/src/uros_ws/install/micro_ros_agent' for CMake config files
[115.028s] Level 1:colcon.colcon_core.shell:create_environment_hook('micro_ros_agent', 'cmake_prefix_path')
[115.028s] INFO:colcon.colcon_core.shell:Creating environment hook '/workspace/TE3001B_TEAM_3/src/uros_ws/install/micro_ros_agent/share/micro_ros_agent/hook/cmake_prefix_path.ps1'
[115.029s] INFO:colcon.colcon_core.shell:Creating environment descriptor '/workspace/TE3001B_TEAM_3/src/uros_ws/install/micro_ros_agent/share/micro_ros_agent/hook/cmake_prefix_path.dsv'
[115.030s] INFO:colcon.colcon_core.shell:Creating environment hook '/workspace/TE3001B_TEAM_3/src/uros_ws/install/micro_ros_agent/share/micro_ros_agent/hook/cmake_prefix_path.sh'
[115.031s] Level 1:colcon.colcon_core.environment:checking '/workspace/TE3001B_TEAM_3/src/uros_ws/install/micro_ros_agent/lib'
[115.031s] Level 1:colcon.colcon_core.shell:create_environment_hook('micro_ros_agent', 'ld_library_path_lib')
[115.031s] INFO:colcon.colcon_core.shell:Creating environment hook '/workspace/TE3001B_TEAM_3/src/uros_ws/install/micro_ros_agent/share/micro_ros_agent/hook/ld_library_path_lib.ps1'
[115.032s] INFO:colcon.colcon_core.shell:Creating environment descriptor '/workspace/TE3001B_TEAM_3/src/uros_ws/install/micro_ros_agent/share/micro_ros_agent/hook/ld_library_path_lib.dsv'
[115.032s] INFO:colcon.colcon_core.shell:Creating environment hook '/workspace/TE3001B_TEAM_3/src/uros_ws/install/micro_ros_agent/share/micro_ros_agent/hook/ld_library_path_lib.sh'
[115.033s] Level 1:colcon.colcon_core.environment:checking '/workspace/TE3001B_TEAM_3/src/uros_ws/install/micro_ros_agent/bin'
[115.033s] Level 1:colcon.colcon_core.environment:checking '/workspace/TE3001B_TEAM_3/src/uros_ws/install/micro_ros_agent/lib/pkgconfig/micro_ros_agent.pc'
[115.033s] Level 1:colcon.colcon_core.environment:checking '/workspace/TE3001B_TEAM_3/src/uros_ws/install/micro_ros_agent/lib/python3.10/site-packages'
[115.034s] Level 1:colcon.colcon_core.environment:checking '/workspace/TE3001B_TEAM_3/src/uros_ws/install/micro_ros_agent/bin'
[115.034s] INFO:colcon.colcon_core.shell:Creating package script '/workspace/TE3001B_TEAM_3/src/uros_ws/install/micro_ros_agent/share/micro_ros_agent/package.ps1'
[115.035s] INFO:colcon.colcon_core.shell:Creating package descriptor '/workspace/TE3001B_TEAM_3/src/uros_ws/install/micro_ros_agent/share/micro_ros_agent/package.dsv'
[115.036s] INFO:colcon.colcon_core.shell:Creating package script '/workspace/TE3001B_TEAM_3/src/uros_ws/install/micro_ros_agent/share/micro_ros_agent/package.sh'
[115.036s] INFO:colcon.colcon_core.shell:Creating package script '/workspace/TE3001B_TEAM_3/src/uros_ws/install/micro_ros_agent/share/micro_ros_agent/package.bash'
[115.037s] INFO:colcon.colcon_core.shell:Creating package script '/workspace/TE3001B_TEAM_3/src/uros_ws/install/micro_ros_agent/share/micro_ros_agent/package.zsh'
[115.037s] Level 1:colcon.colcon_core.environment:create_file_with_runtime_dependencies(/workspace/TE3001B_TEAM_3/src/uros_ws/install/micro_ros_agent/share/colcon-core/packages/micro_ros_agent)
[115.038s] DEBUG:colcon.colcon_parallel_executor.executor.parallel:closing loop
[115.038s] DEBUG:colcon.colcon_parallel_executor.executor.parallel:loop closed
[115.038s] DEBUG:colcon.colcon_parallel_executor.executor.parallel:run_until_complete finished with '0'
[115.038s] DEBUG:colcon.colcon_core.event_reactor:joining thread
[115.052s] INFO:colcon.colcon_core.plugin_system:Skipping extension 'colcon_notification.desktop_notification.notify_send': Could not find 'notify-send'
[115.052s] INFO:colcon.colcon_core.plugin_system:Skipping extension 'colcon_notification.desktop_notification.terminal_notifier': Not used on non-Darwin systems
[115.053s] INFO:colcon.colcon_core.plugin_system:Skipping extension 'colcon_notification.desktop_notification.win32': Not used on non-Windows systems
[115.053s] INFO:colcon.colcon_notification.desktop_notification:Sending desktop notification using 'notify2'
[115.056s] DEBUG:colcon.colcon_notification.desktop_notification.notify2:Failed to initialize notify2: org.freedesktop.DBus.Error.Spawn.ExecFailed: /usr/bin/dbus-launch terminated abnormally without any error message
[115.057s] DEBUG:colcon.colcon_core.event_reactor:joined thread
[115.058s] INFO:colcon.colcon_core.shell:Creating prefix script '/workspace/TE3001B_TEAM_3/src/uros_ws/install/local_setup.ps1'
[115.060s] INFO:colcon.colcon_core.shell:Creating prefix util module '/workspace/TE3001B_TEAM_3/src/uros_ws/install/_local_setup_util_ps1.py'
[115.062s] INFO:colcon.colcon_core.shell:Creating prefix chain script '/workspace/TE3001B_TEAM_3/src/uros_ws/install/setup.ps1'
[115.065s] INFO:colcon.colcon_core.shell:Creating prefix script '/workspace/TE3001B_TEAM_3/src/uros_ws/install/local_setup.sh'
[115.066s] INFO:colcon.colcon_core.shell:Creating prefix util module '/workspace/TE3001B_TEAM_3/src/uros_ws/install/_local_setup_util_sh.py'
[115.067s] INFO:colcon.colcon_core.shell:Creating prefix chain script '/workspace/TE3001B_TEAM_3/src/uros_ws/install/setup.sh'
[115.069s] INFO:colcon.colcon_core.shell:Creating prefix script '/workspace/TE3001B_TEAM_3/src/uros_ws/install/local_setup.bash'
[115.070s] INFO:colcon.colcon_core.shell:Creating prefix chain script '/workspace/TE3001B_TEAM_3/src/uros_ws/install/setup.bash'
[115.071s] INFO:colcon.colcon_core.shell:Creating prefix script '/workspace/TE3001B_TEAM_3/src/uros_ws/install/local_setup.zsh'
[115.072s] INFO:colcon.colcon_core.shell:Creating prefix chain script '/workspace/TE3001B_TEAM_3/src/uros_ws/install/setup.zsh'
