[0.755s] Invoking command in '/workspace/TE3001B_TEAM_3/src/xarm_perturbationsV2/build/xarm_perturbations': PYTHONPATH=/workspace/TE3001B_TEAM_3/src/xarm_perturbationsV2/build/xarm_perturbations/prefix_override:/usr/lib/python3/dist-packages/colcon_core/task/python/colcon_distutils_commands:/workspace/TE3001B_TEAM_3/src/xarm_perturbationsV2/install/xarm_perturbations/lib/python3.10/site-packages:${PYTHONPATH} /usr/bin/python3 -W ignore:setup.py install is deprecated -W ignore:easy_install command is deprecated setup.py develop --editable --build-directory /workspace/TE3001B_TEAM_3/src/xarm_perturbationsV2/build/xarm_perturbations/build --no-deps symlink_data
[1.069s] running develop
[1.276s] running egg_info
[1.276s] writing xarm_perturbations.egg-info/PKG-INFO
[1.277s] writing dependency_links to xarm_perturbations.egg-info/dependency_links.txt
[1.277s] writing entry points to xarm_perturbations.egg-info/entry_points.txt
[1.277s] writing requirements to xarm_perturbations.egg-info/requires.txt
[1.277s] writing top-level names to xarm_perturbations.egg-info/top_level.txt
[1.279s] reading manifest file 'xarm_perturbations.egg-info/SOURCES.txt'
[1.280s] writing manifest file 'xarm_perturbations.egg-info/SOURCES.txt'
[1.282s] running build_ext
[1.282s] Creating /workspace/TE3001B_TEAM_3/src/xarm_perturbationsV2/install/xarm_perturbations/lib/python3.10/site-packages/xarm-perturbations.egg-link (link to .)
[1.283s] Installing ik_reference_generator script to /workspace/TE3001B_TEAM_3/src/xarm_perturbationsV2/install/xarm_perturbations/lib/xarm_perturbations
[1.283s] Installing joint_space_controller script to /workspace/TE3001B_TEAM_3/src/xarm_perturbationsV2/install/xarm_perturbations/lib/xarm_perturbations
[1.284s] Installing perturbation_injector script to /workspace/TE3001B_TEAM_3/src/xarm_perturbationsV2/install/xarm_perturbations/lib/xarm_perturbations
[1.284s] Installing trial_logger script to /workspace/TE3001B_TEAM_3/src/xarm_perturbationsV2/install/xarm_perturbations/lib/xarm_perturbations
[1.284s] 
[1.284s] Installed /workspace/TE3001B_TEAM_3/src/xarm_perturbationsV2/build/xarm_perturbations
[1.284s] running symlink_data
[1.319s] Invoked command in '/workspace/TE3001B_TEAM_3/src/xarm_perturbationsV2/build/xarm_perturbations' returned '0': PYTHONPATH=/workspace/TE3001B_TEAM_3/src/xarm_perturbationsV2/build/xarm_perturbations/prefix_override:/usr/lib/python3/dist-packages/colcon_core/task/python/colcon_distutils_commands:/workspace/TE3001B_TEAM_3/src/xarm_perturbationsV2/install/xarm_perturbations/lib/python3.10/site-packages:${PYTHONPATH} /usr/bin/python3 -W ignore:setup.py install is deprecated -W ignore:easy_install command is deprecated setup.py develop --editable --build-directory /workspace/TE3001B_TEAM_3/src/xarm_perturbationsV2/build/xarm_perturbations/build --no-deps symlink_data
